<?xml version="1.0" encoding="UTF-8" ?>
<testsuite tests="3" failures="0" name="com.redhat.appiumtest.AppiumTest" time="297.936" errors="2" skipped="0">
  <properties>
[...]
</properties>
  <testcase classname="com.redhat.appiumtest.AppiumTest" name="executeBeerTest" time="107.658">
    <error type="org.openqa.selenium.NoSuchSessionException">org.openqa.selenium.NoSuchSessionException
	at sun.reflect.NativeConstructorAccessorImpl.newInstance0(Native Method)
	at sun.reflect.NativeConstructorAccessorImpl.newInstance(NativeConstructorAccessorImpl.java:62)
	at sun.reflect.DelegatingConstructorAccessorImpl.newInstance(DelegatingConstructorAccessorImpl.java:45)
	at java.lang.reflect.Constructor.newInstance(Constructor.java:423)
	at java.util.concurrent.ForkJoinTask.getThrowableException(ForkJoinTask.java:598)
	at java.util.concurrent.ForkJoinTask.reportException(ForkJoinTask.java:677)
	at java.util.concurrent.ForkJoinTask.invoke(ForkJoinTask.java:735)
	at java.util.stream.ForEachOps$ForEachOp.evaluateParallel(ForEachOps.java:160)
	at java.util.stream.ForEachOps$ForEachOp$OfRef.evaluateParallel(ForEachOps.java:174)
	at java.util.stream.AbstractPipeline.evaluate(AbstractPipeline.java:233)
	at java.util.stream.ReferencePipeline.forEach(ReferencePipeline.java:418)
	at java.util.stream.ReferencePipeline$Head.forEach(ReferencePipeline.java:583)
	at com.redhat.appiumtest.AppiumTest.executeBeerTest(AppiumTest.java:114)
	at sun.reflect.NativeMethodAccessorImpl.invoke0(Native Method)
	at sun.reflect.NativeMethodAccessorImpl.invoke(NativeMethodAccessorImpl.java:62)
	at sun.reflect.DelegatingMethodAccessorImpl.invoke(DelegatingMethodAccessorImpl.java:43)
	at java.lang.reflect.Method.invoke(Method.java:498)
	at org.junit.runners.model.FrameworkMethod$1.runReflectiveCall(FrameworkMethod.java:50)
	at org.junit.internal.runners.model.ReflectiveCallable.run(ReflectiveCallable.java:12)
	at org.junit.runners.model.FrameworkMethod.invokeExplosively(FrameworkMethod.java:47)
	at org.junit.internal.runners.statements.InvokeMethod.evaluate(InvokeMethod.java:17)
	at org.junit.internal.runners.statements.RunBefores.evaluate(RunBefores.java:26)
	at org.junit.internal.runners.statements.RunAfters.evaluate(RunAfters.java:27)
	at org.junit.runners.ParentRunner.runLeaf(ParentRunner.java:325)
	at org.junit.runners.BlockJUnit4ClassRunner.runChild(BlockJUnit4ClassRunner.java:78)
	at org.junit.runners.BlockJUnit4ClassRunner.runChild(BlockJUnit4ClassRunner.java:57)
	at org.junit.runners.ParentRunner$3.run(ParentRunner.java:290)
	at org.junit.runners.ParentRunner$1.schedule(ParentRunner.java:71)
	at org.junit.runners.ParentRunner.runChildren(ParentRunner.java:288)
	at org.junit.runners.ParentRunner.access$000(ParentRunner.java:58)
	at org.junit.runners.ParentRunner$2.evaluate(ParentRunner.java:268)
	at org.junit.runners.ParentRunner.run(ParentRunner.java:363)
	at org.apache.maven.surefire.junit4.JUnit4Provider.execute(JUnit4Provider.java:252)
	at org.apache.maven.surefire.junit4.JUnit4Provider.executeTestSet(JUnit4Provider.java:141)
	at org.apache.maven.surefire.junit4.JUnit4Provider.invoke(JUnit4Provider.java:112)
	at sun.reflect.NativeMethodAccessorImpl.invoke0(Native Method)
	at sun.reflect.NativeMethodAccessorImpl.invoke(NativeMethodAccessorImpl.java:62)
	at sun.reflect.DelegatingMethodAccessorImpl.invoke(DelegatingMethodAccessorImpl.java:43)
	at java.lang.reflect.Method.invoke(Method.java:498)
	at org.apache.maven.surefire.util.ReflectionUtils.invokeMethodWithArray(ReflectionUtils.java:189)
	at org.apache.maven.surefire.booter.ProviderFactory$ProviderProxy.invoke(ProviderFactory.java:165)
	at org.apache.maven.surefire.booter.ProviderFactory.invokeProvider(ProviderFactory.java:85)
	at org.apache.maven.surefire.booter.ForkedBooter.runSuitesInProcess(ForkedBooter.java:115)
	at org.apache.maven.surefire.booter.ForkedBooter.main(ForkedBooter.java:75)
Caused by: org.openqa.selenium.NoSuchSessionException: A session is either terminated or not started
Build info: version: &apos;3.12.0&apos;, revision: &apos;7c6e0b3&apos;, time: &apos;2018-05-08T14:04:26.12Z&apos;
System info: host: &apos;Joints-MacBook-Pro.local&apos;, ip: &apos;fe80:0:0:0:10dc:5edd:51f1:1e85%en0&apos;, os.name: &apos;Mac OS X&apos;, os.arch: &apos;x86_64&apos;, os.version: &apos;10.14.6&apos;, java.version: &apos;1.8.0_221&apos;
Driver info: io.appium.java_client.ios.IOSDriver
Capabilities {app: /tmp/Good-Beers.app, automationName: XCUITest, browserName: , databaseEnabled: false, deviceName: iPhone 8, fullReset: true, javascriptEnabled: true, locationContextEnabled: false, networkConnectionEnabled: false, platform: MAC, platformName: iOS, platformVersion: 11.2, takesScreenshot: true, udid: 7199E007-29F9-4B1F-A088-890..., wdaLocalPort: 8100, webStorageEnabled: false}
Session ID: c0d0c133-5ec7-468b-9e3c-4eaccba73489
*** Element info: {Using=accessibility id, value=beer outline Beer}
	at sun.reflect.NativeConstructorAccessorImpl.newInstance0(Native Method)
	at sun.reflect.NativeConstructorAccessorImpl.newInstance(NativeConstructorAccessorImpl.java:62)
	at sun.reflect.DelegatingConstructorAccessorImpl.newInstance(DelegatingConstructorAccessorImpl.java:45)
	at java.lang.reflect.Constructor.newInstance(Constructor.java:423)
	at org.openqa.selenium.remote.http.W3CHttpResponseCodec.createException(W3CHttpResponseCodec.java:187)
	at org.openqa.selenium.remote.http.W3CHttpResponseCodec.decode(W3CHttpResponseCodec.java:122)
	at org.openqa.selenium.remote.http.W3CHttpResponseCodec.decode(W3CHttpResponseCodec.java:49)
	at org.openqa.selenium.remote.HttpCommandExecutor.execute(HttpCommandExecutor.java:158)
	at io.appium.java_client.remote.AppiumCommandExecutor.execute(AppiumCommandExecutor.java:231)
	at org.openqa.selenium.remote.RemoteWebDriver.execute(RemoteWebDriver.java:543)
	at io.appium.java_client.DefaultGenericMobileDriver.execute(DefaultGenericMobileDriver.java:42)
	at io.appium.java_client.AppiumDriver.execute(AppiumDriver.java:1)
	at io.appium.java_client.ios.IOSDriver.execute(IOSDriver.java:1)
	at org.openqa.selenium.remote.RemoteWebDriver.findElement(RemoteWebDriver.java:317)
	at io.appium.java_client.DefaultGenericMobileDriver.findElement(DefaultGenericMobileDriver.java:62)
	at io.appium.java_client.AppiumDriver.findElement(AppiumDriver.java:1)
	at io.appium.java_client.ios.IOSDriver.findElement(IOSDriver.java:1)
	at io.appium.java_client.FindsByAccessibilityId.findElementByAccessibilityId(FindsByAccessibilityId.java:37)
	at com.redhat.appiumtest.AppiumTest.tapNavigationBar(AppiumTest.java:86)
	at com.redhat.appiumtest.AppiumTest.lambda$executeBeerTest$1(AppiumTest.java:114)
	at java.util.stream.ForEachOps$ForEachOp$OfRef.accept(ForEachOps.java:184)
	at java.util.Spliterators$ArraySpliterator.forEachRemaining(Spliterators.java:948)
	at java.util.stream.AbstractPipeline.copyInto(AbstractPipeline.java:482)
	at java.util.stream.ForEachOps$ForEachTask.compute(ForEachOps.java:291)
	at java.util.concurrent.CountedCompleter.exec(CountedCompleter.java:731)
	at java.util.concurrent.ForkJoinTask.doExec(ForkJoinTask.java:289)
	at java.util.concurrent.ForkJoinPool$WorkQueue.runTask(ForkJoinPool.java:1056)
	at java.util.concurrent.ForkJoinPool.runWorker(ForkJoinPool.java:1692)
	at java.util.concurrent.ForkJoinWorkerThread.run(ForkJoinWorkerThread.java:157)
</error>
    <system-out>&amp;#27;[35m[Appium]&amp;#27;[39m Welcome to Appium v1.13.0
&amp;#27;[35m[Appium]&amp;#27;[39m Appium REST http interface listener started on 0.0.0.0:4723
&amp;#27;[35m[HTTP]&amp;#27;[39m &amp;#27;[37m--&gt;&amp;#27;[39m &amp;#27;[37mGET&amp;#27;[39m &amp;#27;[37m/wd/hub/status&amp;#27;[39m
&amp;#27;[35m[HTTP]&amp;#27;[39m &amp;#27;[90m{}&amp;#27;[39m
[debug] &amp;#27;[35m[GENERIC]&amp;#27;[39m Calling AppiumDriver.getStatus() with args: []
[debug] &amp;#27;[35m[GENERIC]&amp;#27;[39m Responding to client with driver.getStatus() result: {&quot;build&quot;:{&quot;version&quot;:&quot;1.13.0&quot;}}
&amp;#27;[35m[HTTP]&amp;#27;[39m &amp;#27;[37m&lt;-- GET /wd/hub/status &amp;#27;[39m&amp;#27;[32m200&amp;#27;[39m &amp;#27;[90m6 ms - 68&amp;#27;[39m
&amp;#27;[35m[HTTP]&amp;#27;[39m &amp;#27;[90m&amp;#27;[39m
&amp;#27;[35m[HTTP]&amp;#27;[39m &amp;#27;[37m--&gt;&amp;#27;[39m &amp;#27;[37mGET&amp;#27;[39m &amp;#27;[37m/wd/hub/status&amp;#27;[39m
&amp;#27;[35m[HTTP]&amp;#27;[39m &amp;#27;[90m{}&amp;#27;[39m
[debug] &amp;#27;[35m[GENERIC]&amp;#27;[39m Calling AppiumDriver.getStatus() with args: []
[debug] &amp;#27;[35m[GENERIC]&amp;#27;[39m Responding to client with driver.getStatus() result: {&quot;build&quot;:{&quot;version&quot;:&quot;1.13.0&quot;}}
&amp;#27;[35m[HTTP]&amp;#27;[39m &amp;#27;[37m&lt;-- GET /wd/hub/status &amp;#27;[39m&amp;#27;[32m200&amp;#27;[39m &amp;#27;[90m1 ms - 68&amp;#27;[39#############
Appium server started
#############
m
&amp;#27;[35m[HTTP]&amp;#27;[39m &amp;#27;[90m&amp;#27;[39m
&amp;#27;[35m[HTTP]&amp;#27;[39m &amp;#27;[37m--&gt;&amp;#27;[39m &amp;#27;[37mPOST&amp;#27;[39m &amp;#27;[37m/wd/hub/session&amp;#27;[39m
&amp;#27;[35m[HTTP]&amp;#27;[39m &amp;#27;[90m{&quot;desiredCapabilities&quot;:{&quot;app&quot;:&quot;/tmp/Good-Beers.app&quot;,&quot;platformVersion&quot;:&quot;11.2&quot;,&quot;automationName&quot;:&quot;XCUITest&quot;,&quot;platformName&quot;:&quot;iOS&quot;,&quot;udid&quot;:&quot;auto&quot;,&quot;deviceName&quot;:&quot;iPhone 8&quot;,&quot;fullReset&quot;:true,&quot;wdaLocalPort&quot;:8100},&quot;capabilities&quot;:{&quot;alwaysMatch&quot;:{&quot;appium:app&quot;:&quot;/tmp/Good-Beers.app&quot;,&quot;appium:automationName&quot;:&quot;XCUITest&quot;,&quot;appium:deviceName&quot;:&quot;iPhone 8&quot;,&quot;appium:fullReset&quot;:true,&quot;platformName&quot;:&quot;ios&quot;,&quot;appium:platformVersion&quot;:&quot;11.2&quot;,&quot;appium:udid&quot;:&quot;auto&quot;,&quot;appium:wdaLocalPort&quot;:8100},&quot;firstMatch&quot;:[{}]}}&amp;#27;[39m
[debug] &amp;#27;[35m[W3C]&amp;#27;[39m Calling AppiumDriver.createSession() with args: [{&quot;app&quot;:&quot;/tmp/Good-Beers.app&quot;,&quot;platformVersion&quot;:&quot;11.2&quot;,&quot;automationName&quot;:&quot;XCUITest&quot;,&quot;platformName&quot;:&quot;iOS&quot;,&quot;udid&quot;:&quot;auto&quot;,&quot;deviceName&quot;:&quot;iPhone 8&quot;,&quot;fullReset&quot;:true,&quot;wdaLocalPort&quot;:8100},null,{&quot;alwaysMatch&quot;:{&quot;appium:app&quot;:&quot;/tmp/Good-Beers.app&quot;,&quot;appium:automationName&quot;:&quot;XCUITest&quot;,&quot;appium:deviceName&quot;:&quot;iPhone 8&quot;,&quot;appium:fullReset&quot;:true,&quot;platformName&quot;:&quot;ios&quot;,&quot;appium:platformVersion&quot;:&quot;11.2&quot;,&quot;appium:udid&quot;:&quot;auto&quot;,&quot;appium:wdaLocalPort&quot;:8100},&quot;firstMatch&quot;:[{}]}]
[debug] &amp;#27;[35m[BaseDriver]&amp;#27;[39m Event &apos;newSessionRequested&apos; logged at 1569814012084 (11:26:52 GMT+0800 (Hong Kong Standard Time))
&amp;#27;[35m[Appium]&amp;#27;[39m Appium v1.13.0 creating new XCUITestDriver (v2.113.2) session
&amp;#27;[35m[Appium]&amp;#27;[39m Capabilities:
&amp;#27;[35m[Appium]&amp;#27;[39m   platformName: ios
&amp;#27;[35m[Appium]&amp;#27;[39m   app: /tmp/Good-Beers.app
&amp;#27;[35m[Appium]&amp;#27;[39m   automationName: XCUITest
&amp;#27;[35m[Appium]&amp;#27;[39m   deviceName: iPhone 8
&amp;#27;[35m[Appium]&amp;#27;[39m   fullReset: true
&amp;#27;[35m[Appium]&amp;#27;[39m   platformVersion: 11.2
&amp;#27;[35m[Appium]&amp;#27;[39m   udid: auto
&amp;#27;[35m[Appium]&amp;#27;[39m   wdaLocalPort: 8100
[debug] &amp;#27;[35m[BaseDriver]&amp;#27;[39m W3C capabilities {&quot;alwaysMatch&quot;:{&quot;platformNa... and MJSONWP desired capabilities {&quot;app&quot;:&quot;/tmp/Good-Beers.app... were provided
[debug] &amp;#27;[35m[BaseDriver]&amp;#27;[39m Creating session with W3C capabilities: {&quot;alwaysMatch&quot;:{&quot;platformNa...
&amp;#27;[35m[BaseDriver]&amp;#27;[39m Session created with session id: c0d0c133-5ec7-468b-9e3c-4eaccba73489
[debug] &amp;#27;[35m[XCUITest]&amp;#27;[39m Current user: &apos;chris&apos;
[debug] &amp;#27;[35m[XCUITest]&amp;#27;[39m Auto-detecting real device udid...
[debug] &amp;#27;[35m[XCUITest]&amp;#27;[39m Using udidetect
&amp;#27;[35m[XCUITest]&amp;#27;[39m Cannot detect any connected real devices. Falling back to Simulator. Original error: Cannot find module &apos;udidetect&apos;
&amp;#27;[35m[iOSSim]&amp;#27;[39m Constructing iOS simulator for Xcode version 10.3 with udid &apos;7199E007-29F9-4B1F-A088-8908F9011E98&apos;
&amp;#27;[35m[XCUITest]&amp;#27;[39m Determining device to run tests on: udid: &apos;7199E007-29F9-4B1F-A088-8908F9011E98&apos;, real device: false
&amp;#27;[35m[XCUITest]&amp;#27;[39m iOS SDK Version set to &apos;12.4&apos;
[debug] &amp;#27;[35m[BaseDriver]&amp;#27;[39m Event &apos;xcodeDetailsRetrieved&apos; logged at 1569814013131 (11:26:53 GMT+0800 (Hong Kong Standard Time))
&amp;#27;[35m[BaseDriver]&amp;#27;[39m Using local app &apos;/tmp/Good-Beers.app&apos;
[debug] &amp;#27;[35m[BaseDriver]&amp;#27;[39m Event &apos;appConfigured&apos; logged at 1569814013136 (11:26:53 GMT+0800 (Hong Kong Standard Time))
[debug] &amp;#27;[35m[XCUITest]&amp;#27;[39m Checking whether app &apos;/tmp/Good-Beers.app&apos; is actually present on file system
[debug] &amp;#27;[35m[XCUITest]&amp;#27;[39m App is present
[debug] &amp;#27;[35m[iOS]&amp;#27;[39m Getting bundle ID from app &apos;/tmp/Good-Beers.app&apos;: &apos;com.redhat.demo&apos;
[debug] &amp;#27;[35m[BaseDriver]&amp;#27;[39m Event &apos;resetStarted&apos; logged at 1569814013143 (11:26:53 GMT+0800 (Hong Kong Standard Time))
[debug] &amp;#27;[35m[XCUITest]&amp;#27;[39m Reset: fullReset is on. Cleaning simulator
[debug] &amp;#27;[35m[XCUITest]&amp;#27;[39m Killing running processes &apos;xcodebuild.*7199E007-29F9-4B1F-A088-8908F9011E98, 7199E007-29F9-4B1F-A088-8908F9011E98.*XCTRunner&apos; for the device 7199E007-29F9-4B1F-A088-8908F9011E98...
[debug] &amp;#27;[35m[XCUITest]&amp;#27;[39m &apos;pgrep -nif xcodebuild.*7199E007-29F9-4B1F-A088-8908F9011E98&apos; didn&apos;t detect any matching processes. Return code: 1
[debug] &amp;#27;[35m[XCUITest]&amp;#27;[39m &apos;pgrep -nif 7199E007-29F9-4B1F-A088-8908F9011E98.*XCTRunner&apos; didn&apos;t detect any matching processes. Return code: 1
&amp;#27;[35m[iOSSim]&amp;#27;[39m Cleaning simulator 7199E007-29F9-4B1F-A088-8908F9011E98
[debug] &amp;#27;[35m[BaseDriver]&amp;#27;[39m Event &apos;resetComplete&apos; logged at 1569814018883 (11:26:58 GMT+0800 (Hong Kong Standard Time))
&amp;#27;[35m[XCUITest]&amp;#27;[39m Continuing without capturing device logs: iOS Simulator with udid 7199E007-29F9-4B1F-A088-8908F9011E98 is not running
&amp;#27;[35m[XCUITest]&amp;#27;[39m Setting up simulator
[debug] &amp;#27;[35m[iOS]&amp;#27;[39m No reason to set locale
[debug] &amp;#27;[35m[iOS]&amp;#27;[39m No iOS / app preferences to set
[debug] &amp;#27;[35m[iOSSim]&amp;#27;[39m Setting preferences of 7199E007-29F9-4B1F-A088-8908F9011E98 Simulator to {&quot;ConnectHardwareKeyboard&quot;:false}
[debug] &amp;#27;[35m[iOSSim]&amp;#27;[39m Setting common Simulator preferences to {&quot;RotateWindowWhenSignaledByGuest&quot;:true,&quot;ConnectHardwareKeyboard&quot;:false}
[debug] &amp;#27;[35m[iOSSim]&amp;#27;[39m Updated 7199E007-29F9-4B1F-A088-8908F9011E98 Simulator preferences at &apos;/Users/chris/Library/Preferences/com.apple.iphonesimulator.plist&apos; with {&quot;DevicePreferences&quot;:{&quot;7199E007-29F9-4B1F-A088-8908F9011E98&quot;:{&quot;ConnectHardwareKeyboard&quot;:false}},&quot;RotateWindowWhenSignaledByGuest&quot;:true,&quot;ConnectHardwareKeyboard&quot;:false}
[debug] &amp;#27;[35m[iOSSim]&amp;#27;[39m Got Simulator UI client PID: 21017
&amp;#27;[35m[iOSSim]&amp;#27;[39m Booting Simulator with UDID 7199E007-29F9-4B1F-A088-8908F9011E98...
&amp;#27;[35m[iOSSim]&amp;#27;[39m Simulator with UDID 7199E007-29F9-4B1F-A088-8908F9011E98 booted in 14 seconds
[debug] &amp;#27;[35m[BaseDriver]&amp;#27;[39m Event &apos;simStarted&apos; logged at 1569814033752 (11:27:13 GMT+0800 (Hong Kong Standard Time))
[debug] &amp;#27;[35m[XCUITest]&amp;#27;[39m Starting log capture for iOS Simulator with udid &apos;7199E007-29F9-4B1F-A088-8908F9011E98&apos;, using &apos;xcrun simctl spawn 7199E007-29F9-4B1F-A088-8908F9011E98 log stream --style compact&apos;
[debug] &amp;#27;[35m[BaseDriver]&amp;#27;[39m Event &apos;logCaptureStarted&apos; logged at 1569814034528 (11:27:14 GMT+0800 (Hong Kong Standard Time))
[debug] &amp;#27;[35m[XCUITest]&amp;#27;[39m Verifying application platform
[debug] &amp;#27;[35m[XCUITest]&amp;#27;[39m CFBundleSupportedPlatforms: [&quot;iPhoneSimulator&quot;]
[debug] &amp;#27;[35m[XCUITest]&amp;#27;[39m Installing &apos;/tmp/Good-Beers.app&apos; on Simulator with UUID &apos;7199E007-29F9-4B1F-A088-8908F9011E98&apos;...
[debug] &amp;#27;[35m[XCUITest]&amp;#27;[39m The app has been installed successfully.
[debug] &amp;#27;[35m[BaseDriver]&amp;#27;[39m Event &apos;appInstalled&apos; logged at 1569814037517 (11:27:17 GMT+0800 (Hong Kong Standard Time))
&amp;#27;[35m[XCUITest]&amp;#27;[39m Using WDA path: &apos;/usr/local/lib/node_modules/appium/node_modules/appium-xcuitest-driver/WebDriverAgent&apos;
&amp;#27;[35m[XCUITest]&amp;#27;[39m Using WDA agent: &apos;/usr/local/lib/node_modules/appium/node_modules/appium-xcuitest-driver/WebDriverAgent/WebDriverAgent.xcodeproj&apos;
[debug] &amp;#27;[35m[XCUITest]&amp;#27;[39m No obsolete cached processes from previous WDA sessions listening on port 8100 have been found
[debug] &amp;#27;[35m[XCUITest]&amp;#27;[39m Parsed BUILD_DIR configuration value: &apos;/Users/chris/Library/Developer/Xcode/DerivedData/WebDriverAgent-brdadhpuduowllgivnnvuygpwhzy/Build/Products&apos;
[debug] &amp;#27;[35m[XCUITest]&amp;#27;[39m Got derived data root: &apos;/Users/chris/Library/Developer/Xcode/DerivedData/WebDriverAgent-brdadhpuduowllgivnnvuygpwhzy&apos;
[debug] &amp;#27;[35m[XCUITest]&amp;#27;[39m Starting WebDriverAgent initialization with the synchronization key &apos;/Users/chris/Library/Developer/Xcode/DerivedData/WebDriverAgent-brdadhpuduowllgivnnvuygpwhzy&apos;
[debug] &amp;#27;[35m[WD Proxy]&amp;#27;[39m Matched &apos;/status&apos; to command name &apos;getStatus&apos;
[debug] &amp;#27;[35m[WD Proxy]&amp;#27;[39m Proxying [GET /status] to [GET http://localhost:8100/status] with no body
&amp;#27;[35m[WD Proxy]&amp;#27;[39m Got an unexpected response: {&quot;errno&quot;:&quot;ECONNREFUSED&quot;,&quot;code&quot;:&quot;ECONNREFUSED&quot;,&quot;syscall&quot;:&quot;connect&quot;,&quot;address&quot;:&quot;127.0.0.1&quot;,&quot;port&quot;:8100}
[debug] &amp;#27;[35m[XCUITest]&amp;#27;[39m WDA is not listening at &apos;http://localhost:8100/&apos;
[debug] &amp;#27;[35m[XCUITest]&amp;#27;[39m WDA is currently not running. There is nothing to cache
[debug] &amp;#27;[35m[XCUITest]&amp;#27;[39m Trying to start WebDriverAgent 2 times with 10000ms interval
[debug] &amp;#27;[35m[XCUITest]&amp;#27;[39m These values can be customized by changing wdaStartupRetries/wdaStartupRetryInterval capabilities
[debug] &amp;#27;[35m[BaseDriver]&amp;#27;[39m Event &apos;wdaStartAttempted&apos; logged at 1569814040106 (11:27:20 GMT+0800 (Hong Kong Standard Time))
&amp;#27;[35m[XCUITest]&amp;#27;[39m Launching WebDriverAgent on the device
[debug] &amp;#27;[35m[XCUITest]&amp;#27;[39m Carthage found: &apos;/usr/local/bin/carthage&apos;
[debug] &amp;#27;[35m[XCUITest]&amp;#27;[39m Killing running processes &apos;xcodebuild.*7199E007-29F9-4B1F-A088-8908F9011E98, iproxy 8100, 7199E007-29F9-4B1F-A088-8908F9011E98.*XCTRunner&apos; for the device 7199E007-29F9-4B1F-A088-8908F9011E98...
[debug] &amp;#27;[35m[XCUITest]&amp;#27;[39m &apos;pgrep -nif xcodebuild.*7199E007-29F9-4B1F-A088-8908F9011E98&apos; didn&apos;t detect any matching processes. Return code: 1
[debug] &amp;#27;[35m[XCUITest]&amp;#27;[39m &apos;pgrep -nif iproxy 8100&apos; didn&apos;t detect any matching processes. Return code: 1
[debug] &amp;#27;[35m[XCUITest]&amp;#27;[39m &apos;pgrep -nif 7199E007-29F9-4B1F-A088-8908F9011E98.*XCTRunner&apos; didn&apos;t detect any matching processes. Return code: 1
[debug] &amp;#27;[35m[XCUITest]&amp;#27;[39m Beginning test with command &apos;xcodebuild build-for-testing test-without-building -project /usr/local/lib/node_modules/appium/node_modules/appium-xcuitest-driver/WebDriverAgent/WebDriverAgent.xcodeproj -scheme WebDriverAgentRunner -derivedDataPath /Users/chris/Library/Developer/Xcode/DerivedData/WebDriverAgent-brdadhpuduowllgivnnvuygpwhzy -destination id=7199E007-29F9-4B1F-A088-8908F9011E98 IPHONEOS_DEPLOYMENT_TARGET=11.2 GCC_TREAT_WARNINGS_AS_ERRORS=0 COMPILER_INDEX_STORE_ENABLE=NO&apos; in directory &apos;/usr/local/lib/node_modules/appium/node_modules/appium-xcuitest-driver/WebDriverAgent&apos;
[debug] &amp;#27;[35m[XCUITest]&amp;#27;[39m Output from xcodebuild will only be logged if any errors are present there. To change this, use &apos;showXcodeLog&apos; desired capability
[debug] &amp;#27;[35m[XCUITest]&amp;#27;[39m Waiting up to 60000ms for WebDriverAgent to start
[debug] &amp;#27;[35m[WD Proxy]&amp;#27;[39m Matched &apos;/status&apos; to command name &apos;getStatus&apos;
[debug] &amp;#27;[35m[WD Proxy]&amp;#27;[39m Proxying [GET /status] to [GET http://localhost:8100/status] with no body
&amp;#27;[35m[WD Proxy]&amp;#27;[39m Got an unexpected response: {&quot;errno&quot;:&quot;ECONNREFUSED&quot;,&quot;code&quot;:&quot;ECONNREFUSED&quot;,&quot;syscall&quot;:&quot;connect&quot;,&quot;address&quot;:&quot;127.0.0.1&quot;,&quot;port&quot;:8100}
[debug] &amp;#27;[35m[WD Proxy]&amp;#27;[39m Matched &apos;/status&apos; to command name &apos;getStatus&apos;
[debug] &amp;#27;[35m[WD Proxy]&amp;#27;[39m Proxying [GET /status] to [GET http://localhost:8100/status] with no body
&amp;#27;[35m[WD Proxy]&amp;#27;[39m Got an unexpected response: {&quot;errno&quot;:&quot;ECONNREFUSED&quot;,&quot;code&quot;:&quot;ECONNREFUSED&quot;,&quot;syscall&quot;:&quot;connect&quot;,&quot;address&quot;:&quot;127.0.0.1&quot;,&quot;port&quot;:8100}
[debug] &amp;#27;[35m[WD Proxy]&amp;#27;[39m Matched &apos;/status&apos; to command name &apos;getStatus&apos;
[debug] &amp;#27;[35m[WD Proxy]&amp;#27;[39m Proxying [GET /status] to [GET http://localhost:8100/status] with no body
&amp;#27;[35m[WD Proxy]&amp;#27;[39m Got an unexpected response: {&quot;errno&quot;:&quot;ECONNREFUSED&quot;,&quot;code&quot;:&quot;ECONNREFUSED&quot;,&quot;syscall&quot;:&quot;connect&quot;,&quot;address&quot;:&quot;127.0.0.1&quot;,&quot;port&quot;:8100}
[debug] &amp;#27;[35m[XCUITest]&amp;#27;[39m Log file for xcodebuild test: /Users/chris/Library/Developer/Xcode/DerivedData/WebDriverAgent-brdadhpuduowllgivnnvuygpwhzy/Logs/Test/Test-WebDriverAgentRunner-2019.09.30_11-27-22-+0800.xcresult/2_Test/Diagnostics/WebDriverAgentRunner-941CA0A0-EB85-4A2D-A764-2BEE4507E686/WebDriverAgentRunner-4F2ED738-5D93-41E8-9F14-38260F75C5A4/Session-WebDriverAgentRunner-2019-09-30_112723-2iYT9W.log
[debug] &amp;#27;[35m[WD Proxy]&amp;#27;[39m Matched &apos;/status&apos; to command name &apos;getStatus&apos;
[debug] &amp;#27;[35m[WD Proxy]&amp;#27;[39m Proxying [GET /status] to [GET http://localhost:8100/status] with no body
&amp;#27;[35m[WD Proxy]&amp;#27;[39m Got an unexpected response: {&quot;errno&quot;:&quot;ECONNREFUSED&quot;,&quot;code&quot;:&quot;ECONNREFUSED&quot;,&quot;syscall&quot;:&quot;connect&quot;,&quot;address&quot;:&quot;127.0.0.1&quot;,&quot;port&quot;:8100}
[debug] &amp;#27;[35m[WD Proxy]&amp;#27;[39m Matched &apos;/status&apos; to command name &apos;getStatus&apos;
[debug] &amp;#27;[35m[WD Proxy]&amp;#27;[39m Proxying [GET /status] to [GET http://localhost:8100/status] with no body
&amp;#27;[35m[WD Proxy]&amp;#27;[39m Got an unexpected response: {&quot;errno&quot;:&quot;ECONNREFUSED&quot;,&quot;code&quot;:&quot;ECONNREFUSED&quot;,&quot;syscall&quot;:&quot;connect&quot;,&quot;address&quot;:&quot;127.0.0.1&quot;,&quot;port&quot;:8100}
[debug] &amp;#27;[35m[WD Proxy]&amp;#27;[39m Matched &apos;/status&apos; to command name &apos;getStatus&apos;
[debug] &amp;#27;[35m[WD Proxy]&amp;#27;[39m Proxying [GET /status] to [GET http://localhost:8100/status] with no body
&amp;#27;[35m[WD Proxy]&amp;#27;[39m Got an unexpected response: {&quot;errno&quot;:&quot;ECONNREFUSED&quot;,&quot;code&quot;:&quot;ECONNREFUSED&quot;,&quot;syscall&quot;:&quot;connect&quot;,&quot;address&quot;:&quot;127.0.0.1&quot;,&quot;port&quot;:8100}
[debug] &amp;#27;[35m[WD Proxy]&amp;#27;[39m Matched &apos;/status&apos; to command name &apos;getStatus&apos;
[debug] &amp;#27;[35m[WD Proxy]&amp;#27;[39m Proxying [GET /status] to [GET http://localhost:8100/status] with no body
&amp;#27;[35m[WD Proxy]&amp;#27;[39m Got an unexpected response: {&quot;errno&quot;:&quot;ECONNREFUSED&quot;,&quot;code&quot;:&quot;ECONNREFUSED&quot;,&quot;syscall&quot;:&quot;connect&quot;,&quot;address&quot;:&quot;127.0.0.1&quot;,&quot;port&quot;:8100}
[debug] &amp;#27;[35m[WD Proxy]&amp;#27;[39m Matched &apos;/status&apos; to command name &apos;getStatus&apos;
[debug] &amp;#27;[35m[WD Proxy]&amp;#27;[39m Proxying [GET /status] to [GET http://localhost:8100/status] with no body
&amp;#27;[35m[WD Proxy]&amp;#27;[39m Got an unexpected response: {&quot;errno&quot;:&quot;ECONNREFUSED&quot;,&quot;code&quot;:&quot;ECONNREFUSED&quot;,&quot;syscall&quot;:&quot;connect&quot;,&quot;address&quot;:&quot;127.0.0.1&quot;,&quot;port&quot;:8100}
[debug] &amp;#27;[35m[WD Proxy]&amp;#27;[39m Matched &apos;/status&apos; to command name &apos;getStatus&apos;
[debug] &amp;#27;[35m[WD Proxy]&amp;#27;[39m Proxying [GET /status] to [GET http://localhost:8100/status] with no body
[debug] &amp;#27;[35m[WD Proxy]&amp;#27;[39m Got response with status 200: &quot;{\n  \&quot;value\&quot; : {\n    \&quot;state\&quot; : \&quot;success\&quot;,\n    \&quot;os\&quot; : {\n      \&quot;name\&quot; : \&quot;iOS\&quot;,\n      \&quot;version\&quot; : \&quot;11.2\&quot;,\n      \&quot;sdkVersion\&quot; : \&quot;12.2\&quot;\n    },\n    \&quot;ios\&quot; : {\n      \&quot;simulatorVersion\&quot; : \&quot;11.2\&quot;,\n      \&quot;ip\&quot; : \&quot;192.168.8.100\&quot;\n    },\n    \&quot;build\&quot; : {\n      \&quot;upgradedAt\&quot; : \&quot;1569808014175\&quot;,\n      \&quot;time\&quot; : \&quot;Sep 30 2019 09:48:29\&quot;,\n      \&quot;productBundleIdentifier\&quot; : \&quot;com.facebook.WebDriverAgentRunner\&quot;\n    }\n  },\n  \&quot;sessionId\&quot; : \&quot;B5D76E7D-6965-4A77-93EE-3C77EC39AFDB\&quot;,\n  \&quot;status\&quot; : 0\n}&quot;
[debug] &amp;#27;[35m[WD Proxy]&amp;#27;[39m Determined that the downstream protocol for proxy is MJSONWP
[debug] &amp;#27;[35m[XCUITest]&amp;#27;[39m WebDriverAgent information:
[debug] &amp;#27;[35m[XCUITest]&amp;#27;[39m {
[debug] &amp;#27;[35m[XCUITest]&amp;#27;[39m   &quot;state&quot;: &quot;success&quot;,
[debug] &amp;#27;[35m[XCUITest]&amp;#27;[39m   &quot;os&quot;: {
[debug] &amp;#27;[35m[XCUITest]&amp;#27;[39m     &quot;name&quot;: &quot;iOS&quot;,
[debug] &amp;#27;[35m[XCUITest]&amp;#27;[39m     &quot;version&quot;: &quot;11.2&quot;,
[debug] &amp;#27;[35m[XCUITest]&amp;#27;[39m     &quot;sdkVersion&quot;: &quot;12.2&quot;
[debug] &amp;#27;[35m[XCUITest]&amp;#27;[39m   },
[debug] &amp;#27;[35m[XCUITest]&amp;#27;[39m   &quot;ios&quot;: {
[debug] &amp;#27;[35m[XCUITest]&amp;#27;[39m     &quot;simulatorVersion&quot;: &quot;11.2&quot;,
[debug] &amp;#27;[35m[XCUITest]&amp;#27;[39m     &quot;ip&quot;: &quot;192.168.8.100&quot;
[debug] &amp;#27;[35m[XCUITest]&amp;#27;[39m   },
[debug] &amp;#27;[35m[XCUITest]&amp;#27;[39m   &quot;build&quot;: {
[debug] &amp;#27;[35m[XCUITest]&amp;#27;[39m     &quot;upgradedAt&quot;: &quot;1569808014175&quot;,
[debug] &amp;#27;[35m[XCUITest]&amp;#27;[39m     &quot;time&quot;: &quot;Sep 30 2019 09:48:29&quot;,
[debug] &amp;#27;[35m[XCUITest]&amp;#27;[39m     &quot;productBundleIdentifier&quot;: &quot;com.facebook.WebDriverAgentRunner&quot;
[debug] &amp;#27;[35m[XCUITest]&amp;#27;[39m   }
[debug] &amp;#27;[35m[XCUITest]&amp;#27;[39m }
[debug] &amp;#27;[35m[XCUITest]&amp;#27;[39m WebDriverAgent successfully started after 8968ms
[debug] &amp;#27;[35m[BaseDriver]&amp;#27;[39m Event &apos;wdaSessionAttempted&apos; logged at 1569814049197 (11:27:29 GMT+0800 (Hong Kong Standard Time))
[debug] &amp;#27;[35m[XCUITest]&amp;#27;[39m Sending createSession command to WDA
[debug] &amp;#27;[35m[WD Proxy]&amp;#27;[39m Matched &apos;/session&apos; to command name &apos;createSession&apos;
[debug] &amp;#27;[35m[WD Proxy]&amp;#27;[39m Proxying [POST /session] to [POST http://localhost:8100/session] with body: {&quot;desiredCapabilities&quot;:{&quot;bundleId&quot;:&quot;com.redhat.demo&quot;,&quot;arguments&quot;:[],&quot;environment&quot;:{},&quot;eventloopIdleDelaySec&quot;:0,&quot;shouldWaitForQuiescence&quot;:true,&quot;shouldUseTestManagerForVisibilityDetection&quot;:false,&quot;maxTypingFrequency&quot;:60,&quot;shouldUseSingletonTestManager&quot;:true}}
[debug] &amp;#27;[35m[WD Proxy]&amp;#27;[39m Got response with status 200: {&quot;value&quot;:{&quot;sessionId&quot;:&quot;ACEAA2EE-E7CA-4912-8983-DFE2197EA494&quot;,&quot;capabilities&quot;:{&quot;device&quot;:&quot;iphone&quot;,&quot;browserName&quot;:&quot;Good-Beers&quot;,&quot;sdkVersion&quot;:&quot;11.2&quot;,&quot;CFBundleIdentifier&quot;:&quot;com.redhat.demo&quot;}},&quot;sessionId&quot;:&quot;ACEAA2EE-E7CA-4912-8983-DFE2197EA494&quot;,&quot;status&quot;:0}
[debug] &amp;#27;[35m[WD Proxy]&amp;#27;[39m Determined that the downstream protocol for proxy is MJSONWP
[debug] &amp;#27;[35m[BaseDriver]&amp;#27;[39m Event &apos;wdaSessionStarted&apos; logged at 1569814051250 (11:27:31 GMT+0800 (Hong Kong Standard Time))
[debug] &amp;#27;[35m[BaseDriver]&amp;#27;[39m Event &apos;wdaStarted&apos; logged at 1569814051251 (11:27:31 GMT+0800 (Hong Kong Standard Time))
&amp;#27;[35m[XCUITest]&amp;#27;[39m Skipping setting of the initial display orientation. Set the &quot;orientation&quot; capability to either &quot;LANDSCAPE&quot; or &quot;PORTRAIT&quot;, if this is an undesired behavior.
[debug] &amp;#27;[35m[BaseDriver]&amp;#27;[39m Event &apos;orientationSet&apos; logged at 1569814051253 (11:27:31 GMT+0800 (Hong Kong Standard Time))
&amp;#27;[35m[Appium]&amp;#27;[39m New XCUITestDriver session created successfully, session c0d0c133-5ec7-468b-9e3c-4eaccba73489 added to master session list
[debug] &amp;#27;[35m[BaseDriver]&amp;#27;[39m Event &apos;newSessionStarted&apos; logged at 1569814051255 (11:27:31 GMT+0800 (Hong Kong Standard Time))
[debug] &amp;#27;[35m[W3C (c0d0c133)]&amp;#27;[39m Cached the protocol value &apos;W3C&apos; for the new session c0d0c133-5ec7-468b-9e3c-4eaccba73489
[debug] &amp;#27;[35m[W3C (c0d0c133)]&amp;#27;[39m Responding to client with driver.createSession() result: {&quot;capabilities&quot;:{&quot;webStorageEnabled&quot;:false,&quot;locationContextEnabled&quot;:false,&quot;browserName&quot;:&quot;&quot;,&quot;platform&quot;:&quot;MAC&quot;,&quot;javascriptEnabled&quot;:true,&quot;databaseEnabled&quot;:false,&quot;takesScreenshot&quot;:true,&quot;networkConnectionEnabled&quot;:false,&quot;platformName&quot;:&quot;ios&quot;,&quot;app&quot;:&quot;/tmp/Good-Beers.app&quot;,&quot;automationName&quot;:&quot;XCUITest&quot;,&quot;deviceName&quot;:&quot;iPhone 8&quot;,&quot;fullReset&quot;:true,&quot;platformVersion&quot;:&quot;11.2&quot;,&quot;udid&quot;:&quot;7199E007-29F9-4B1F-A088-8908F9011E98&quot;,&quot;wdaLocalPort&quot;:8100}}
&amp;#27;[35m[HTTP]&amp;#27;[39m &amp;#27;[37m&lt;-- POST /wd/hub/session &amp;#27;[39m&amp;#27;[32m200&amp;#27;[39m &amp;#27;[90m39176 ms - 484&amp;#27;[39m
&amp;#27;[35m[HTTP]&amp;#27;[39m &amp;#27;[90m&amp;#27;[39m
&amp;#27;[35m[HTTP]&amp;#27;[39m &amp;#27;[37m--&gt;&amp;#27;[39m &amp;#27;[37mGET&amp;#27;[39m &amp;#27;[37m/wd/hub/session/c0d0c133-5ec7-468b-9e3c-4eaccba73489&amp;#27;[39m
&amp;#27;[35m[HTTP]&amp;#27;[39m &amp;#27;[90m{}&amp;#27;[39m
[debug] &amp;#27;[35m[W3C (c0d0c133)]&amp;#27;[39m Calling AppiumDriver.getSession() with args: [&quot;c0d0c133-5ec7-468b-9e3c-4eaccba73489&quot;]
[debug] &amp;#27;[35m[XCUITest]&amp;#27;[39m Executing command &apos;getSession&apos;
[debug] &amp;#27;[35m[WD Proxy]&amp;#27;[39m Matched &apos;/&apos; to command name &apos;getSession&apos;
[debug] &amp;#27;[35m[WD Proxy]&amp;#27;[39m Proxying [GET /] to [GET http://localhost:8100/session/ACEAA2EE-E7CA-4912-8983-DFE2197EA494] with no body
[debug] &amp;#27;[35m[WD Proxy]&amp;#27;[39m Got response with status 200: &quot;{\n  \&quot;value\&quot; : {\n    \&quot;sessionId\&quot; : \&quot;ACEAA2EE-E7CA-4912-8983-DFE2197EA494\&quot;,\n    \&quot;capabilities\&quot; : {\n      \&quot;device\&quot; : \&quot;iphone\&quot;,\n      \&quot;browserName\&quot; : \&quot;Good-Beers\&quot;,\n      \&quot;sdkVersion\&quot; : \&quot;11.2\&quot;,\n      \&quot;CFBundleIdentifier\&quot; : \&quot;com.redhat.demo\&quot;\n    }\n  },\n  \&quot;sessionId\&quot; : \&quot;ACEAA2EE-E7CA-4912-8983-DFE2197EA494\&quot;,\n  \&quot;status\&quot; : 0\n}&quot;
[debug] &amp;#27;[35m[WD Proxy]&amp;#27;[39m Proxying [GET /wda/screen] to [GET http://localhost:8100/session/ACEAA2EE-E7CA-4912-8983-DFE2197EA494/wda/screen] with no body
[debug] &amp;#27;[35m[WD Proxy]&amp;#27;[39m Got response with status 200: &quot;{\n  \&quot;value\&quot; : {\n    \&quot;statusBarSize\&quot; : {\n      \&quot;width\&quot; : 375,\n      \&quot;height\&quot; : 20\n    },\n    \&quot;scale\&quot; : 2\n  },\n  \&quot;sessionId\&quot; : \&quot;ACEAA2EE-E7CA-4912-8983-DFE2197EA494\&quot;,\n  \&quot;status\&quot; : 0\n}&quot;
[debug] &amp;#27;[35m[WD Proxy]&amp;#27;[39m Proxying [GET /window/size] to [GET http://localhost:8100/session/ACEAA2EE-E7CA-4912-8983-DFE2197EA494/window/size] with no body
[debug] &amp;#27;[35m[WD Proxy]&amp;#27;[39m Got response with status 200: &quot;{\n  \&quot;value\&quot; : {\n    \&quot;width\&quot; : 375,\n    \&quot;height\&quot; : 667\n  },\n  \&quot;sessionId\&quot; : \&quot;ACEAA2EE-E7CA-4912-8983-DFE2197EA494\&quot;,\n  \&quot;status\&quot; : 0\n}&quot;
&amp;#27;[35m[XCUITest]&amp;#27;[39m Merging WDA caps over Appium caps for session detail response
[debug] &amp;#27;[35m[W3C (c0d0c133)]&amp;#27;[39m Responding to client with driver.getSession() result: {&quot;udid&quot;:&quot;auto&quot;,&quot;platformName&quot;:&quot;ios&quot;,&quot;app&quot;:&quot;/tmp/Good-Beers.app&quot;,&quot;automationName&quot;:&quot;XCUITest&quot;,&quot;deviceName&quot;:&quot;iPhone 8&quot;,&quot;fullReset&quot;:true,&quot;platformVersion&quot;:&quot;11.2&quot;,&quot;wdaLocalPort&quot;:8100,&quot;device&quot;:&quot;iphone&quot;,&quot;browserName&quot;:&quot;Good-Beers&quot;,&quot;sdkVersion&quot;:&quot;11.2&quot;,&quot;CFBundleIdentifier&quot;:&quot;com.redhat.demo&quot;,&quot;pixelRatio&quot;:2,&quot;statBarHeight&quot;:20,&quot;viewportRect&quot;:{&quot;left&quot;:0,&quot;top&quot;:40,&quot;width&quot;:750,&quot;height&quot;:1294}}
&amp;#27;[35m[HTTP]&amp;#27;[39m &amp;#27;[37m&lt;-- GET /wd/hub/session/c0d0c133-5ec7-468b-9e3c-4eaccba73489 &amp;#27;[39m&amp;#27;[32m200&amp;#27;[39m &amp;#27;[90m1103 ms - 387&amp;#27;[39m
&amp;#27;[35m[HTTP]&amp;#27;[39m &amp;#27;[90m&amp;#27;[39m
&amp;#27;[35m[HTTP]&amp;#27;[39m &amp;#27;[37m--&gt;&amp;#27;[39m &amp;#27;[37mGET&amp;#27;[39m &amp;#27;[37m/wd/hub/session/c0d0c133-5ec7-468b-9e3c-4eaccba73489&amp;#27;[39m
&amp;#27;[35m[HTTP]&amp;#27;[39m &amp;#27;[90m{}&amp;#27;[39m
[debug] &amp;#27;[35m[W3C (c0d0c133)]&amp;#27;[39m Calling AppiumDriver.getSession() with args: [&quot;c0d0c133-5ec7-468b-9e3c-4eaccba73489&quot;]
[debug] &amp;#27;[35m[XCUITest]&amp;#27;[39m Executing command &apos;getSession&apos;
&amp;#27;[35m[XCUITest]&amp;#27;[39m Merging WDA caps over Appium caps for session detail response
[debug] &amp;#27;[35m[W3C (c0d0c133)]&amp;#27;[39m Responding to client with driver.getSession() result: {&quot;udid&quot;:&quot;auto&quot;,&quot;platformName&quot;:&quot;ios&quot;,&quot;app&quot;:&quot;/tmp/Good-Beers.app&quot;,&quot;automationName&quot;:&quot;XCUITest&quot;,&quot;deviceName&quot;:&quot;iPhone 8&quot;,&quot;fullReset&quot;:true,&quot;platformVersion&quot;:&quot;11.2&quot;,&quot;wdaLocalPort&quot;:8100,&quot;device&quot;:&quot;iphone&quot;,&quot;browserName&quot;:&quot;Good-Beers&quot;,&quot;sdkVersion&quot;:&quot;11.2&quot;,&quot;CFBundleIdentifier&quot;:&quot;com.redhat.demo&quot;,&quot;pixelRatio&quot;:2,&quot;statBarHeight&quot;:20,&quot;viewportRect&quot;:{&quot;left&quot;:0,&quot;top&quot;:40,&quot;width&quot;:750,&quot;height&quot;:1294}}
&amp;#27;[35m[HTTP]&amp;#27;[39m &amp;#27;[37m&lt;-- GET /wd/hub/session/c0d0c133-5ec7-468b-9e3c-4eaccba73489 &amp;#27;[39m&amp;#27;[32m200&amp;#27;[39m &amp;#27;[90m3 ms - 387&amp;#27;[39m
&amp;#27;[35m[HTTP]&amp;#27;[39m &amp;#27;[90m&amp;#27;[39m

Driver started on device iPhone 8

&amp;#27;[35m[HTTP]&amp;#27;[39m &amp;#27;[37m--&gt;&amp;#27;[39m &amp;#27;[37mPOST&amp;#27;[39m &amp;#27;[37m/wd/hub/session/c0d0c133-5ec7-468b-9e3c-4eaccba73489/timeouts&amp;#27;[39m
&amp;#27;[35m[HTTP]&amp;#27;[39m &amp;#27;[90m{&quot;implicit&quot;:20000}&amp;#27;[39m
[debug] &amp;#27;[35m[W3C (c0d0c133)]&amp;#27;[39m Calling AppiumDriver.timeouts() with args: [null,null,null,null,20000,&quot;c0d0c133-5ec7-468b-9e3c-4eaccba73489&quot;]
[debug] &amp;#27;[35m[XCUITest]&amp;#27;[39m Executing command &apos;timeouts&apos;
[debug] &amp;#27;[35m[BaseDriver]&amp;#27;[39m W3C timeout argument: {&quot;implicit&quot;:20000}}
[debug] &amp;#27;[35m[BaseDriver]&amp;#27;[39m Set implicit wait to 20000ms
[debug] &amp;#27;[35m[W3C (c0d0c133)]&amp;#27;[39m Responding to client with driver.timeouts() result: null
&amp;#27;[35m[HTTP]&amp;#27;[39m &amp;#27;[37m&lt;-- POST /wd/hub/session/c0d0c133-5ec7-468b-9e3c-4eaccba73489/timeouts &amp;#27;[39m&amp;#27;[32m200&amp;#27;[39m &amp;#27;[90m3 ms - 14&amp;#27;[39m
&amp;#27;[35m[HTTP]&amp;#27;[39m &amp;#27;[90m&amp;#27;[39m
&amp;#27;[35m[HTTP]&amp;#27;[39m &amp;#27;[37m--&gt;&amp;#27;[39m &amp;#27;[37mPOST&amp;#27;[39m &amp;#27;[37m/wd/hub/session&amp;#27;[39m
&amp;#27;[35m[HTTP]&amp;#27;[39m &amp;#27;[90m{&quot;desiredCapabilities&quot;:{&quot;app&quot;:&quot;/tmp/Good-Beers.app&quot;,&quot;platformVersion&quot;:&quot;11.2&quot;,&quot;automationName&quot;:&quot;XCUITest&quot;,&quot;platformName&quot;:&quot;iOS&quot;,&quot;udid&quot;:&quot;auto&quot;,&quot;deviceName&quot;:&quot;iPhone 7&quot;,&quot;fullReset&quot;:true,&quot;wdaLocalPort&quot;:8101},&quot;capabilities&quot;:{&quot;alwaysMatch&quot;:{&quot;appium:app&quot;:&quot;/tmp/Good-Beers.app&quot;,&quot;appium:automationName&quot;:&quot;XCUITest&quot;,&quot;appium:deviceName&quot;:&quot;iPhone 7&quot;,&quot;appium:fullReset&quot;:true,&quot;platformName&quot;:&quot;ios&quot;,&quot;appium:platformVersion&quot;:&quot;11.2&quot;,&quot;appium:udid&quot;:&quot;auto&quot;,&quot;appium:wdaLocalPort&quot;:8101},&quot;firstMatch&quot;:[{}]}}&amp;#27;[39m
[debug] &amp;#27;[35m[W3C]&amp;#27;[39m Calling AppiumDriver.createSession() with args: [{&quot;app&quot;:&quot;/tmp/Good-Beers.app&quot;,&quot;platformVersion&quot;:&quot;11.2&quot;,&quot;automationName&quot;:&quot;XCUITest&quot;,&quot;platformName&quot;:&quot;iOS&quot;,&quot;udid&quot;:&quot;auto&quot;,&quot;deviceName&quot;:&quot;iPhone 7&quot;,&quot;fullReset&quot;:true,&quot;wdaLocalPort&quot;:8101},null,{&quot;alwaysMatch&quot;:{&quot;appium:app&quot;:&quot;/tmp/Good-Beers.app&quot;,&quot;appium:automationName&quot;:&quot;XCUITest&quot;,&quot;appium:deviceName&quot;:&quot;iPhone 7&quot;,&quot;appium:fullReset&quot;:true,&quot;platformName&quot;:&quot;ios&quot;,&quot;appium:platformVersion&quot;:&quot;11.2&quot;,&quot;appium:udid&quot;:&quot;auto&quot;,&quot;appium:wdaLocalPort&quot;:8101},&quot;firstMatch&quot;:[{}]}]
[debug] &amp;#27;[35m[BaseDriver]&amp;#27;[39m Event &apos;newSessionRequested&apos; logged at 1569814052462 (11:27:32 GMT+0800 (Hong Kong Standard Time))
&amp;#27;[35m[Appium]&amp;#27;[39m Appium v1.13.0 creating new XCUITestDriver (v2.113.2) session
&amp;#27;[35m[Appium]&amp;#27;[39m Capabilities:
&amp;#27;[35m[Appium]&amp;#27;[39m   platformName: ios
&amp;#27;[35m[Appium]&amp;#27;[39m   app: /tmp/Good-Beers.app
&amp;#27;[35m[Appium]&amp;#27;[39m   automationName: XCUITest
&amp;#27;[35m[Appium]&amp;#27;[39m   deviceName: iPhone 7
&amp;#27;[35m[Appium]&amp;#27;[39m   fullReset: true
&amp;#27;[35m[Appium]&amp;#27;[39m   platformVersion: 11.2
&amp;#27;[35m[Appium]&amp;#27;[39m   udid: auto
&amp;#27;[35m[Appium]&amp;#27;[39m   wdaLocalPort: 8101
[debug] &amp;#27;[35m[BaseDriver]&amp;#27;[39m W3C capabilities {&quot;alwaysMatch&quot;:{&quot;platformNa... and MJSONWP desired capabilities {&quot;app&quot;:&quot;/tmp/Good-Beers.app... were provided
[debug] &amp;#27;[35m[BaseDriver]&amp;#27;[39m Creating session with W3C capabilities: {&quot;alwaysMatch&quot;:{&quot;platformNa...
&amp;#27;[35m[BaseDriver]&amp;#27;[39m Session created with session id: 6e260e43-1d12-49b5-802a-d8e62c136eb2
[debug] &amp;#27;[35m[XCUITest]&amp;#27;[39m Current user: &apos;chris&apos;
[debug] &amp;#27;[35m[XCUITest]&amp;#27;[39m Auto-detecting real device udid...
[debug] &amp;#27;[35m[XCUITest]&amp;#27;[39m Using udidetect
&amp;#27;[35m[XCUITest]&amp;#27;[39m Cannot detect any connected real devices. Falling back to Simulator. Original error: Cannot find module &apos;udidetect&apos;
&amp;#27;[35m[iOSSim]&amp;#27;[39m Constructing iOS simulator for Xcode version 10.3 with udid &apos;BBE85782-5D47-4742-BEF3-A37064481B2B&apos;
&amp;#27;[35m[XCUITest]&amp;#27;[39m Determining device to run tests on: udid: &apos;BBE85782-5D47-4742-BEF3-A37064481B2B&apos;, real device: false
&amp;#27;[35m[XCUITest]&amp;#27;[39m iOS SDK Version set to &apos;12.4&apos;
[debug] &amp;#27;[35m[BaseDriver]&amp;#27;[39m Event &apos;xcodeDetailsRetrieved&apos; logged at 1569814053137 (11:27:33 GMT+0800 (Hong Kong Standard Time))
&amp;#27;[35m[BaseDriver]&amp;#27;[39m Using local app &apos;/tmp/Good-Beers.app&apos;
[debug] &amp;#27;[35m[BaseDriver]&amp;#27;[39m Event &apos;appConfigured&apos; logged at 1569814053138 (11:27:33 GMT+0800 (Hong Kong Standard Time))
[debug] &amp;#27;[35m[XCUITest]&amp;#27;[39m Checking whether app &apos;/tmp/Good-Beers.app&apos; is actually present on file system
[debug] &amp;#27;[35m[XCUITest]&amp;#27;[39m App is present
[debug] &amp;#27;[35m[iOS]&amp;#27;[39m Getting bundle ID from app &apos;/tmp/Good-Beers.app&apos;: &apos;com.redhat.demo&apos;
[debug] &amp;#27;[35m[BaseDriver]&amp;#27;[39m Event &apos;resetStarted&apos; logged at 1569814053139 (11:27:33 GMT+0800 (Hong Kong Standard Time))
[debug] &amp;#27;[35m[XCUITest]&amp;#27;[39m Reset: fullReset is on. Cleaning simulator
[debug] &amp;#27;[35m[XCUITest]&amp;#27;[39m Killing running processes &apos;xcodebuild.*BBE85782-5D47-4742-BEF3-A37064481B2B, BBE85782-5D47-4742-BEF3-A37064481B2B.*XCTRunner&apos; for the device BBE85782-5D47-4742-BEF3-A37064481B2B...
[debug] &amp;#27;[35m[XCUITest]&amp;#27;[39m &apos;pgrep -nif xcodebuild.*BBE85782-5D47-4742-BEF3-A37064481B2B&apos; didn&apos;t detect any matching processes. Return code: 1
[debug] &amp;#27;[35m[XCUITest]&amp;#27;[39m &apos;pgrep -nif BBE85782-5D47-4742-BEF3-A37064481B2B.*XCTRunner&apos; didn&apos;t detect any matching processes. Return code: 1
&amp;#27;[35m[iOSSim]&amp;#27;[39m Cleaning simulator BBE85782-5D47-4742-BEF3-A37064481B2B
[debug] &amp;#27;[35m[BaseDriver]&amp;#27;[39m Event &apos;resetComplete&apos; logged at 1569814058860 (11:27:38 GMT+0800 (Hong Kong Standard Time))
&amp;#27;[35m[XCUITest]&amp;#27;[39m Continuing without capturing device logs: iOS Simulator with udid BBE85782-5D47-4742-BEF3-A37064481B2B is not running
&amp;#27;[35m[XCUITest]&amp;#27;[39m Setting up simulator
[debug] &amp;#27;[35m[iOS]&amp;#27;[39m No reason to set locale
[debug] &amp;#27;[35m[iOS]&amp;#27;[39m No iOS / app preferences to set
[debug] &amp;#27;[35m[iOSSim]&amp;#27;[39m Setting preferences of BBE85782-5D47-4742-BEF3-A37064481B2B Simulator to {&quot;ConnectHardwareKeyboard&quot;:false}
[debug] &amp;#27;[35m[iOSSim]&amp;#27;[39m Setting common Simulator preferences to {&quot;RotateWindowWhenSignaledByGuest&quot;:true,&quot;ConnectHardwareKeyboard&quot;:false}
[debug] &amp;#27;[35m[iOSSim]&amp;#27;[39m Updated BBE85782-5D47-4742-BEF3-A37064481B2B Simulator preferences at &apos;/Users/chris/Library/Preferences/com.apple.iphonesimulator.plist&apos; with {&quot;DevicePreferences&quot;:{&quot;BBE85782-5D47-4742-BEF3-A37064481B2B&quot;:{&quot;ConnectHardwareKeyboard&quot;:false}},&quot;RotateWindowWhenSignaledByGuest&quot;:true,&quot;ConnectHardwareKeyboard&quot;:false}
[debug] &amp;#27;[35m[iOSSim]&amp;#27;[39m Got Simulator UI client PID: 21017
&amp;#27;[35m[iOSSim]&amp;#27;[39m Booting Simulator with UDID BBE85782-5D47-4742-BEF3-A37064481B2B...
&amp;#27;[35m[iOSSim]&amp;#27;[39m Simulator with UDID BBE85782-5D47-4742-BEF3-A37064481B2B booted in 15 seconds
[debug] &amp;#27;[35m[BaseDriver]&amp;#27;[39m Event &apos;simStarted&apos; logged at 1569814074726 (11:27:54 GMT+0800 (Hong Kong Standard Time))
[debug] &amp;#27;[35m[XCUITest]&amp;#27;[39m Starting log capture for iOS Simulator with udid &apos;BBE85782-5D47-4742-BEF3-A37064481B2B&apos;, using &apos;xcrun simctl spawn BBE85782-5D47-4742-BEF3-A37064481B2B log stream --style compact&apos;
[debug] &amp;#27;[35m[BaseDriver]&amp;#27;[39m Event &apos;logCaptureStarted&apos; logged at 1569814075646 (11:27:55 GMT+0800 (Hong Kong Standard Time))
[debug] &amp;#27;[35m[XCUITest]&amp;#27;[39m Verifying application platform
[debug] &amp;#27;[35m[XCUITest]&amp;#27;[39m CFBundleSupportedPlatforms: [&quot;iPhoneSimulator&quot;]
[debug] &amp;#27;[35m[XCUITest]&amp;#27;[39m Installing &apos;/tmp/Good-Beers.app&apos; on Simulator with UUID &apos;BBE85782-5D47-4742-BEF3-A37064481B2B&apos;...
[debug] &amp;#27;[35m[XCUITest]&amp;#27;[39m The app has been installed successfully.
[debug] &amp;#27;[35m[BaseDriver]&amp;#27;[39m Event &apos;appInstalled&apos; logged at 1569814078663 (11:27:58 GMT+0800 (Hong Kong Standard Time))
&amp;#27;[35m[XCUITest]&amp;#27;[39m Using WDA path: &apos;/usr/local/lib/node_modules/appium/node_modules/appium-xcuitest-driver/WebDriverAgent&apos;
&amp;#27;[35m[XCUITest]&amp;#27;[39m Using WDA agent: &apos;/usr/local/lib/node_modules/appium/node_modules/appium-xcuitest-driver/WebDriverAgent/WebDriverAgent.xcodeproj&apos;
[debug] &amp;#27;[35m[XCUITest]&amp;#27;[39m No obsolete cached processes from previous WDA sessions listening on port 8101 have been found
[debug] &amp;#27;[35m[XCUITest]&amp;#27;[39m Parsed BUILD_DIR configuration value: &apos;/Users/chris/Library/Developer/Xcode/DerivedData/WebDriverAgent-brdadhpuduowllgivnnvuygpwhzy/Build/Products&apos;
[debug] &amp;#27;[35m[XCUITest]&amp;#27;[39m Got derived data root: &apos;/Users/chris/Library/Developer/Xcode/DerivedData/WebDriverAgent-brdadhpuduowllgivnnvuygpwhzy&apos;
[debug] &amp;#27;[35m[XCUITest]&amp;#27;[39m Starting WebDriverAgent initialization with the synchronization key &apos;/Users/chris/Library/Developer/Xcode/DerivedData/WebDriverAgent-brdadhpuduowllgivnnvuygpwhzy&apos;
[debug] &amp;#27;[35m[WD Proxy]&amp;#27;[39m Matched &apos;/status&apos; to command name &apos;getStatus&apos;
[debug] &amp;#27;[35m[WD Proxy]&amp;#27;[39m Proxying [GET /status] to [GET http://localhost:8101/status] with no body
&amp;#27;[35m[WD Proxy]&amp;#27;[39m Got an unexpected response: {&quot;errno&quot;:&quot;ECONNREFUSED&quot;,&quot;code&quot;:&quot;ECONNREFUSED&quot;,&quot;syscall&quot;:&quot;connect&quot;,&quot;address&quot;:&quot;127.0.0.1&quot;,&quot;port&quot;:8101}
[debug] &amp;#27;[35m[XCUITest]&amp;#27;[39m WDA is not listening at &apos;http://localhost:8101/&apos;
[debug] &amp;#27;[35m[XCUITest]&amp;#27;[39m WDA is currently not running. There is nothing to cache
[debug] &amp;#27;[35m[XCUITest]&amp;#27;[39m Trying to start WebDriverAgent 2 times with 10000ms interval
[debug] &amp;#27;[35m[XCUITest]&amp;#27;[39m These values can be customized by changing wdaStartupRetries/wdaStartupRetryInterval capabilities
[debug] &amp;#27;[35m[BaseDriver]&amp;#27;[39m Event &apos;wdaStartAttempted&apos; logged at 1569814080986 (11:28:00 GMT+0800 (Hong Kong Standard Time))
&amp;#27;[35m[XCUITest]&amp;#27;[39m Launching WebDriverAgent on the device
[debug] &amp;#27;[35m[XCUITest]&amp;#27;[39m Carthage found: &apos;/usr/local/bin/carthage&apos;
[debug] &amp;#27;[35m[XCUITest]&amp;#27;[39m Killing running processes &apos;xcodebuild.*BBE85782-5D47-4742-BEF3-A37064481B2B, iproxy 8101, BBE85782-5D47-4742-BEF3-A37064481B2B.*XCTRunner&apos; for the device BBE85782-5D47-4742-BEF3-A37064481B2B...
[debug] &amp;#27;[35m[XCUITest]&amp;#27;[39m &apos;pgrep -nif xcodebuild.*BBE85782-5D47-4742-BEF3-A37064481B2B&apos; didn&apos;t detect any matching processes. Return code: 1
[debug] &amp;#27;[35m[XCUITest]&amp;#27;[39m &apos;pgrep -nif iproxy 8101&apos; didn&apos;t detect any matching processes. Return code: 1
[debug] &amp;#27;[35m[XCUITest]&amp;#27;[39m &apos;pgrep -nif BBE85782-5D47-4742-BEF3-A37064481B2B.*XCTRunner&apos; didn&apos;t detect any matching processes. Return code: 1
[debug] &amp;#27;[35m[XCUITest]&amp;#27;[39m Beginning test with command &apos;xcodebuild build-for-testing test-without-building -project /usr/local/lib/node_modules/appium/node_modules/appium-xcuitest-driver/WebDriverAgent/WebDriverAgent.xcodeproj -scheme WebDriverAgentRunner -derivedDataPath /Users/chris/Library/Developer/Xcode/DerivedData/WebDriverAgent-brdadhpuduowllgivnnvuygpwhzy -destination id=BBE85782-5D47-4742-BEF3-A37064481B2B IPHONEOS_DEPLOYMENT_TARGET=11.2 GCC_TREAT_WARNINGS_AS_ERRORS=0 COMPILER_INDEX_STORE_ENABLE=NO&apos; in directory &apos;/usr/local/lib/node_modules/appium/node_modules/appium-xcuitest-driver/WebDriverAgent&apos;
[debug] &amp;#27;[35m[XCUITest]&amp;#27;[39m Output from xcodebuild will only be logged if any errors are present there. To change this, use &apos;showXcodeLog&apos; desired capability
[debug] &amp;#27;[35m[XCUITest]&amp;#27;[39m Waiting up to 60000ms for WebDriverAgent to start
[debug] &amp;#27;[35m[WD Proxy]&amp;#27;[39m Matched &apos;/status&apos; to command name &apos;getStatus&apos;
[debug] &amp;#27;[35m[WD Proxy]&amp;#27;[39m Proxying [GET /status] to [GET http://localhost:8101/status] with no body
&amp;#27;[35m[WD Proxy]&amp;#27;[39m Got an unexpected response: {&quot;errno&quot;:&quot;ECONNREFUSED&quot;,&quot;code&quot;:&quot;ECONNREFUSED&quot;,&quot;syscall&quot;:&quot;connect&quot;,&quot;address&quot;:&quot;127.0.0.1&quot;,&quot;port&quot;:8101}
[debug] &amp;#27;[35m[WD Proxy]&amp;#27;[39m Matched &apos;/status&apos; to command name &apos;getStatus&apos;
[debug] &amp;#27;[35m[WD Proxy]&amp;#27;[39m Proxying [GET /status] to [GET http://localhost:8101/status] with no body
&amp;#27;[35m[WD Proxy]&amp;#27;[39m Got an unexpected response: {&quot;errno&quot;:&quot;ECONNREFUSED&quot;,&quot;code&quot;:&quot;ECONNREFUSED&quot;,&quot;syscall&quot;:&quot;connect&quot;,&quot;address&quot;:&quot;127.0.0.1&quot;,&quot;port&quot;:8101}
[debug] &amp;#27;[35m[WD Proxy]&amp;#27;[39m Matched &apos;/status&apos; to command name &apos;getStatus&apos;
[debug] &amp;#27;[35m[WD Proxy]&amp;#27;[39m Proxying [GET /status] to [GET http://localhost:8101/status] with no body
&amp;#27;[35m[WD Proxy]&amp;#27;[39m Got an unexpected response: {&quot;errno&quot;:&quot;ECONNREFUSED&quot;,&quot;code&quot;:&quot;ECONNREFUSED&quot;,&quot;syscall&quot;:&quot;connect&quot;,&quot;address&quot;:&quot;127.0.0.1&quot;,&quot;port&quot;:8101}
[debug] &amp;#27;[35m[XCUITest]&amp;#27;[39m Log file for xcodebuild test: /Users/chris/Library/Developer/Xcode/DerivedData/WebDriverAgent-brdadhpuduowllgivnnvuygpwhzy/Logs/Test/Test-WebDriverAgentRunner-2019.09.30_11-28-03-+0800.xcresult/2_Test/Diagnostics/WebDriverAgentRunner-504EF7A8-E3D2-4DC4-B308-8700775A0946/WebDriverAgentRunner-39BFADD1-5820-41E8-9A2F-B93061CAFA70/Session-WebDriverAgentRunner-2019-09-30_112804-lUNqju.log
[debug] &amp;#27;[35m[WD Proxy]&amp;#27;[39m Matched &apos;/status&apos; to command name &apos;getStatus&apos;
[debug] &amp;#27;[35m[WD Proxy]&amp;#27;[39m Proxying [GET /status] to [GET http://localhost:8101/status] with no body
&amp;#27;[35m[WD Proxy]&amp;#27;[39m Got an unexpected response: {&quot;errno&quot;:&quot;ECONNREFUSED&quot;,&quot;code&quot;:&quot;ECONNREFUSED&quot;,&quot;syscall&quot;:&quot;connect&quot;,&quot;address&quot;:&quot;127.0.0.1&quot;,&quot;port&quot;:8101}
[debug] &amp;#27;[35m[WD Proxy]&amp;#27;[39m Matched &apos;/status&apos; to command name &apos;getStatus&apos;
[debug] &amp;#27;[35m[WD Proxy]&amp;#27;[39m Proxying [GET /status] to [GET http://localhost:8101/status] with no body
&amp;#27;[35m[WD Proxy]&amp;#27;[39m Got an unexpected response: {&quot;errno&quot;:&quot;ECONNREFUSED&quot;,&quot;code&quot;:&quot;ECONNREFUSED&quot;,&quot;syscall&quot;:&quot;connect&quot;,&quot;address&quot;:&quot;127.0.0.1&quot;,&quot;port&quot;:8101}
[debug] &amp;#27;[35m[WD Proxy]&amp;#27;[39m Matched &apos;/status&apos; to command name &apos;getStatus&apos;
[debug] &amp;#27;[35m[WD Proxy]&amp;#27;[39m Proxying [GET /status] to [GET http://localhost:8101/status] with no body
&amp;#27;[35m[WD Proxy]&amp;#27;[39m Got an unexpected response: {&quot;errno&quot;:&quot;ECONNREFUSED&quot;,&quot;code&quot;:&quot;ECONNREFUSED&quot;,&quot;syscall&quot;:&quot;connect&quot;,&quot;address&quot;:&quot;127.0.0.1&quot;,&quot;port&quot;:8101}
[debug] &amp;#27;[35m[WD Proxy]&amp;#27;[39m Matched &apos;/status&apos; to command name &apos;getStatus&apos;
[debug] &amp;#27;[35m[WD Proxy]&amp;#27;[39m Proxying [GET /status] to [GET http://localhost:8101/status] with no body
&amp;#27;[35m[WD Proxy]&amp;#27;[39m Got an unexpected response: {&quot;errno&quot;:&quot;ECONNREFUSED&quot;,&quot;code&quot;:&quot;ECONNREFUSED&quot;,&quot;syscall&quot;:&quot;connect&quot;,&quot;address&quot;:&quot;127.0.0.1&quot;,&quot;port&quot;:8101}
[debug] &amp;#27;[35m[WD Proxy]&amp;#27;[39m Matched &apos;/status&apos; to command name &apos;getStatus&apos;
[debug] &amp;#27;[35m[WD Proxy]&amp;#27;[39m Proxying [GET /status] to [GET http://localhost:8101/status] with no body
&amp;#27;[35m[WD Proxy]&amp;#27;[39m Got an unexpected response: {&quot;errno&quot;:&quot;ECONNREFUSED&quot;,&quot;code&quot;:&quot;ECONNREFUSED&quot;,&quot;syscall&quot;:&quot;connect&quot;,&quot;address&quot;:&quot;127.0.0.1&quot;,&quot;port&quot;:8101}
[debug] &amp;#27;[35m[WD Proxy]&amp;#27;[39m Matched &apos;/status&apos; to command name &apos;getStatus&apos;
[debug] &amp;#27;[35m[WD Proxy]&amp;#27;[39m Proxying [GET /status] to [GET http://localhost:8101/status] with no body
&amp;#27;[35m[WD Proxy]&amp;#27;[39m Got an unexpected response: {&quot;errno&quot;:&quot;ECONNREFUSED&quot;,&quot;code&quot;:&quot;ECONNREFUSED&quot;,&quot;syscall&quot;:&quot;connect&quot;,&quot;address&quot;:&quot;127.0.0.1&quot;,&quot;port&quot;:8101}
[debug] &amp;#27;[35m[WD Proxy]&amp;#27;[39m Matched &apos;/status&apos; to command name &apos;getStatus&apos;
[debug] &amp;#27;[35m[WD Proxy]&amp;#27;[39m Proxying [GET /status] to [GET http://localhost:8101/status] with no body
&amp;#27;[35m[WD Proxy]&amp;#27;[39m Got an unexpected response: {&quot;errno&quot;:&quot;ECONNREFUSED&quot;,&quot;code&quot;:&quot;ECONNREFUSED&quot;,&quot;syscall&quot;:&quot;connect&quot;,&quot;address&quot;:&quot;127.0.0.1&quot;,&quot;port&quot;:8101}
[debug] &amp;#27;[35m[WD Proxy]&amp;#27;[39m Matched &apos;/status&apos; to command name &apos;getStatus&apos;
[debug] &amp;#27;[35m[WD Proxy]&amp;#27;[39m Proxying [GET /status] to [GET http://localhost:8101/status] with no body
&amp;#27;[35m[WD Proxy]&amp;#27;[39m Got an unexpected response: {&quot;errno&quot;:&quot;ECONNREFUSED&quot;,&quot;code&quot;:&quot;ECONNREFUSED&quot;,&quot;syscall&quot;:&quot;connect&quot;,&quot;address&quot;:&quot;127.0.0.1&quot;,&quot;port&quot;:8101}
[debug] &amp;#27;[35m[WD Proxy]&amp;#27;[39m Matched &apos;/status&apos; to command name &apos;getStatus&apos;
[debug] &amp;#27;[35m[WD Proxy]&amp;#27;[39m Proxying [GET /status] to [GET http://localhost:8101/status] with no body
&amp;#27;[35m[WD Proxy]&amp;#27;[39m Got an unexpected response: {&quot;errno&quot;:&quot;ECONNREFUSED&quot;,&quot;code&quot;:&quot;ECONNREFUSED&quot;,&quot;syscall&quot;:&quot;connect&quot;,&quot;address&quot;:&quot;127.0.0.1&quot;,&quot;port&quot;:8101}
[debug] &amp;#27;[35m[WD Proxy]&amp;#27;[39m Matched &apos;/status&apos; to command name &apos;getStatus&apos;
[debug] &amp;#27;[35m[WD Proxy]&amp;#27;[39m Proxying [GET /status] to [GET http://localhost:8101/status] with no body
&amp;#27;[35m[WD Proxy]&amp;#27;[39m Got an unexpected response: {&quot;errno&quot;:&quot;ECONNREFUSED&quot;,&quot;code&quot;:&quot;ECONNREFUSED&quot;,&quot;syscall&quot;:&quot;connect&quot;,&quot;address&quot;:&quot;127.0.0.1&quot;,&quot;port&quot;:8101}
[debug] &amp;#27;[35m[WD Proxy]&amp;#27;[39m Matched &apos;/status&apos; to command name &apos;getStatus&apos;
[debug] &amp;#27;[35m[WD Proxy]&amp;#27;[39m Proxying [GET /status] to [GET http://localhost:8101/status] with no body
&amp;#27;[35m[WD Proxy]&amp;#27;[39m Got an unexpected response: {&quot;errno&quot;:&quot;ECONNREFUSED&quot;,&quot;code&quot;:&quot;ECONNREFUSED&quot;,&quot;syscall&quot;:&quot;connect&quot;,&quot;address&quot;:&quot;127.0.0.1&quot;,&quot;port&quot;:8101}
[debug] &amp;#27;[35m[WD Proxy]&amp;#27;[39m Matched &apos;/status&apos; to command name &apos;getStatus&apos;
[debug] &amp;#27;[35m[WD Proxy]&amp;#27;[39m Proxying [GET /status] to [GET http://localhost:8101/status] with no body
&amp;#27;[35m[WD Proxy]&amp;#27;[39m Got an unexpected response: {&quot;errno&quot;:&quot;ECONNREFUSED&quot;,&quot;code&quot;:&quot;ECONNREFUSED&quot;,&quot;syscall&quot;:&quot;connect&quot;,&quot;address&quot;:&quot;127.0.0.1&quot;,&quot;port&quot;:8101}
[debug] &amp;#27;[35m[WD Proxy]&amp;#27;[39m Matched &apos;/status&apos; to command name &apos;getStatus&apos;
[debug] &amp;#27;[35m[WD Proxy]&amp;#27;[39m Proxying [GET /status] to [GET http://localhost:8101/status] with no body
&amp;#27;[35m[WD Proxy]&amp;#27;[39m Got an unexpected response: {&quot;errno&quot;:&quot;ECONNREFUSED&quot;,&quot;code&quot;:&quot;ECONNREFUSED&quot;,&quot;syscall&quot;:&quot;connect&quot;,&quot;address&quot;:&quot;127.0.0.1&quot;,&quot;port&quot;:8101}
[debug] &amp;#27;[35m[WD Proxy]&amp;#27;[39m Matched &apos;/status&apos; to command name &apos;getStatus&apos;
[debug] &amp;#27;[35m[WD Proxy]&amp;#27;[39m Proxying [GET /status] to [GET http://localhost:8101/status] with no body
&amp;#27;[35m[WD Proxy]&amp;#27;[39m Got an unexpected response: {&quot;errno&quot;:&quot;ECONNREFUSED&quot;,&quot;code&quot;:&quot;ECONNREFUSED&quot;,&quot;syscall&quot;:&quot;connect&quot;,&quot;address&quot;:&quot;127.0.0.1&quot;,&quot;port&quot;:8101}
[debug] &amp;#27;[35m[WD Proxy]&amp;#27;[39m Matched &apos;/status&apos; to command name &apos;getStatus&apos;
[debug] &amp;#27;[35m[WD Proxy]&amp;#27;[39m Proxying [GET /status] to [GET http://localhost:8101/status] with no body
&amp;#27;[35m[WD Proxy]&amp;#27;[39m Got an unexpected response: {&quot;errno&quot;:&quot;ECONNREFUSED&quot;,&quot;code&quot;:&quot;ECONNREFUSED&quot;,&quot;syscall&quot;:&quot;connect&quot;,&quot;address&quot;:&quot;127.0.0.1&quot;,&quot;port&quot;:8101}
[debug] &amp;#27;[35m[WD Proxy]&amp;#27;[39m Matched &apos;/status&apos; to command name &apos;getStatus&apos;
[debug] &amp;#27;[35m[WD Proxy]&amp;#27;[39m Proxying [GET /status] to [GET http://localhost:8101/status] with no body
&amp;#27;[35m[WD Proxy]&amp;#27;[39m Got an unexpected response: {&quot;errno&quot;:&quot;ECONNREFUSED&quot;,&quot;code&quot;:&quot;ECONNREFUSED&quot;,&quot;syscall&quot;:&quot;connect&quot;,&quot;address&quot;:&quot;127.0.0.1&quot;,&quot;port&quot;:8101}
[debug] &amp;#27;[35m[WD Proxy]&amp;#27;[39m Matched &apos;/status&apos; to command name &apos;getStatus&apos;
[debug] &amp;#27;[35m[WD Proxy]&amp;#27;[39m Proxying [GET /status] to [GET http://localhost:8101/status] with no body
&amp;#27;[35m[WD Proxy]&amp;#27;[39m Got an unexpected response: {&quot;errno&quot;:&quot;ECONNREFUSED&quot;,&quot;code&quot;:&quot;ECONNREFUSED&quot;,&quot;syscall&quot;:&quot;connect&quot;,&quot;address&quot;:&quot;127.0.0.1&quot;,&quot;port&quot;:8101}
[debug] &amp;#27;[35m[WD Proxy]&amp;#27;[39m Matched &apos;/status&apos; to command name &apos;getStatus&apos;
[debug] &amp;#27;[35m[WD Proxy]&amp;#27;[39m Proxying [GET /status] to [GET http://localhost:8101/status] with no body
&amp;#27;[35m[WD Proxy]&amp;#27;[39m Got an unexpected response: {&quot;errno&quot;:&quot;ECONNREFUSED&quot;,&quot;code&quot;:&quot;ECONNREFUSED&quot;,&quot;syscall&quot;:&quot;connect&quot;,&quot;address&quot;:&quot;127.0.0.1&quot;,&quot;port&quot;:8101}
[debug] &amp;#27;[35m[WD Proxy]&amp;#27;[39m Matched &apos;/status&apos; to command name &apos;getStatus&apos;
[debug] &amp;#27;[35m[WD Proxy]&amp;#27;[39m Proxying [GET /status] to [GET http://localhost:8101/status] with no body
&amp;#27;[35m[WD Proxy]&amp;#27;[39m Got an unexpected response: {&quot;errno&quot;:&quot;ECONNREFUSED&quot;,&quot;code&quot;:&quot;ECONNREFUSED&quot;,&quot;syscall&quot;:&quot;connect&quot;,&quot;address&quot;:&quot;127.0.0.1&quot;,&quot;port&quot;:8101}
[debug] &amp;#27;[35m[WD Proxy]&amp;#27;[39m Matched &apos;/status&apos; to command name &apos;getStatus&apos;
[debug] &amp;#27;[35m[WD Proxy]&amp;#27;[39m Proxying [GET /status] to [GET http://localhost:8101/status] with no body
&amp;#27;[35m[WD Proxy]&amp;#27;[39m Got an unexpected response: {&quot;errno&quot;:&quot;ECONNREFUSED&quot;,&quot;code&quot;:&quot;ECONNREFUSED&quot;,&quot;syscall&quot;:&quot;connect&quot;,&quot;address&quot;:&quot;127.0.0.1&quot;,&quot;port&quot;:8101}
[debug] &amp;#27;[35m[WD Proxy]&amp;#27;[39m Matched &apos;/status&apos; to command name &apos;getStatus&apos;
[debug] &amp;#27;[35m[WD Proxy]&amp;#27;[39m Proxying [GET /status] to [GET http://localhost:8101/status] with no body
&amp;#27;[35m[WD Proxy]&amp;#27;[39m Got an unexpected response: {&quot;errno&quot;:&quot;ECONNREFUSED&quot;,&quot;code&quot;:&quot;ECONNREFUSED&quot;,&quot;syscall&quot;:&quot;connect&quot;,&quot;address&quot;:&quot;127.0.0.1&quot;,&quot;port&quot;:8101}
[debug] &amp;#27;[35m[WD Proxy]&amp;#27;[39m Matched &apos;/status&apos; to command name &apos;getStatus&apos;
[debug] &amp;#27;[35m[WD Proxy]&amp;#27;[39m Proxying [GET /status] to [GET http://localhost:8101/status] with no body
&amp;#27;[35m[WD Proxy]&amp;#27;[39m Got an unexpected response: {&quot;errno&quot;:&quot;ECONNREFUSED&quot;,&quot;code&quot;:&quot;ECONNREFUSED&quot;,&quot;syscall&quot;:&quot;connect&quot;,&quot;address&quot;:&quot;127.0.0.1&quot;,&quot;port&quot;:8101}
[debug] &amp;#27;[35m[WD Proxy]&amp;#27;[39m Matched &apos;/status&apos; to command name &apos;getStatus&apos;
[debug] &amp;#27;[35m[WD Proxy]&amp;#27;[39m Proxying [GET /status] to [GET http://localhost:8101/status] with no body
&amp;#27;[35m[WD Proxy]&amp;#27;[39m Got an unexpected response: {&quot;errno&quot;:&quot;ECONNREFUSED&quot;,&quot;code&quot;:&quot;ECONNREFUSED&quot;,&quot;syscall&quot;:&quot;connect&quot;,&quot;address&quot;:&quot;127.0.0.1&quot;,&quot;port&quot;:8101}
[debug] &amp;#27;[35m[WD Proxy]&amp;#27;[39m Matched &apos;/status&apos; to command name &apos;getStatus&apos;
[debug] &amp;#27;[35m[WD Proxy]&amp;#27;[39m Proxying [GET /status] to [GET http://localhost:8101/status] with no body
&amp;#27;[35m[WD Proxy]&amp;#27;[39m Got an unexpected response: {&quot;errno&quot;:&quot;ECONNREFUSED&quot;,&quot;code&quot;:&quot;ECONNREFUSED&quot;,&quot;syscall&quot;:&quot;connect&quot;,&quot;address&quot;:&quot;127.0.0.1&quot;,&quot;port&quot;:8101}
[debug] &amp;#27;[35m[WD Proxy]&amp;#27;[39m Matched &apos;/status&apos; to command name &apos;getStatus&apos;
[debug] &amp;#27;[35m[WD Proxy]&amp;#27;[39m Proxying [GET /status] to [GET http://localhost:8101/status] with no body
&amp;#27;[35m[WD Proxy]&amp;#27;[39m Got an unexpected response: {&quot;errno&quot;:&quot;ECONNREFUSED&quot;,&quot;code&quot;:&quot;ECONNREFUSED&quot;,&quot;syscall&quot;:&quot;connect&quot;,&quot;address&quot;:&quot;127.0.0.1&quot;,&quot;port&quot;:8101}
[debug] &amp;#27;[35m[WD Proxy]&amp;#27;[39m Matched &apos;/status&apos; to command name &apos;getStatus&apos;
[debug] &amp;#27;[35m[WD Proxy]&amp;#27;[39m Proxying [GET /status] to [GET http://localhost:8101/status] with no body
&amp;#27;[35m[WD Proxy]&amp;#27;[39m Got an unexpected response: {&quot;errno&quot;:&quot;ECONNREFUSED&quot;,&quot;code&quot;:&quot;ECONNREFUSED&quot;,&quot;syscall&quot;:&quot;connect&quot;,&quot;address&quot;:&quot;127.0.0.1&quot;,&quot;port&quot;:8101}
[debug] &amp;#27;[35m[WD Proxy]&amp;#27;[39m Matched &apos;/status&apos; to command name &apos;getStatus&apos;
[debug] &amp;#27;[35m[WD Proxy]&amp;#27;[39m Proxying [GET /status] to [GET http://localhost:8101/status] with no body
&amp;#27;[35m[WD Proxy]&amp;#27;[39m Got an unexpected response: {&quot;errno&quot;:&quot;ECONNREFUSED&quot;,&quot;code&quot;:&quot;ECONNREFUSED&quot;,&quot;syscall&quot;:&quot;connect&quot;,&quot;address&quot;:&quot;127.0.0.1&quot;,&quot;port&quot;:8101}
[debug] &amp;#27;[35m[WD Proxy]&amp;#27;[39m Matched &apos;/status&apos; to command name &apos;getStatus&apos;
[debug] &amp;#27;[35m[WD Proxy]&amp;#27;[39m Proxying [GET /status] to [GET http://localhost:8101/status] with no body
&amp;#27;[35m[WD Proxy]&amp;#27;[39m Got an unexpected response: {&quot;errno&quot;:&quot;ECONNREFUSED&quot;,&quot;code&quot;:&quot;ECONNREFUSED&quot;,&quot;syscall&quot;:&quot;connect&quot;,&quot;address&quot;:&quot;127.0.0.1&quot;,&quot;port&quot;:8101}
&amp;#27;[35m[Xcode]&amp;#27;[39m 2019-09-30 11:28:32.109971+0800 WebDriverAgentRunner-Runner[26368:2118210] Cannot init screenshots broadcaster service on port 9100. Original error: Error Domain=NSPOSIXErrorDomain Code=48 &quot;Address already in use&quot; UserInfo={NSLocalizedDescription=Address already in use, NSLocalizedFailureReason=Error in bind() function}
&amp;#27;[35m[Xcode]&amp;#27;[39m 
&amp;#27;[35m[BaseDriver]&amp;#27;[39m Shutting down because we waited 60 seconds for a command
&amp;#27;[35m[Appium]&amp;#27;[39m Closing session, cause was &apos;New Command Timeout of 60 seconds expired. Try customizing the timeout using the &apos;newCommandTimeout&apos; desired capability&apos;
&amp;#27;[35m[Appium]&amp;#27;[39m Removing session c0d0c133-5ec7-468b-9e3c-4eaccba73489 from our master session list
[debug] &amp;#27;[35m[WD Proxy]&amp;#27;[39m Matched &apos;/status&apos; to command name &apos;getStatus&apos;
[debug] &amp;#27;[35m[WD Proxy]&amp;#27;[39m Proxying [GET /status] to [GET http://localhost:8101/status] with no body
[debug] &amp;#27;[35m[WD Proxy]&amp;#27;[39m Got response with status 200: &quot;{\n  \&quot;value\&quot; : {\n    \&quot;state\&quot; : \&quot;success\&quot;,\n    \&quot;os\&quot; : {\n      \&quot;name\&quot; : \&quot;iOS\&quot;,\n      \&quot;version\&quot; : \&quot;11.2\&quot;,\n      \&quot;sdkVersion\&quot; : \&quot;12.2\&quot;\n    },\n    \&quot;ios\&quot; : {\n      \&quot;simulatorVersion\&quot; : \&quot;11.2\&quot;,\n      \&quot;ip\&quot; : \&quot;192.168.8.100\&quot;\n    },\n    \&quot;build\&quot; : {\n      \&quot;upgradedAt\&quot; : \&quot;1569808014175\&quot;,\n      \&quot;time\&quot; : \&quot;Sep 30 2019 09:48:29\&quot;,\n      \&quot;productBundleIdentifier\&quot; : \&quot;com.facebook.WebDriverAgentRunner\&quot;\n    }\n  },\n  \&quot;sessionId\&quot; : \&quot;EA4EB01B-87AB-4A01-BAD0-14537399FBC3\&quot;,\n  \&quot;status\&quot; : 0\n}&quot;
[debug] &amp;#27;[35m[WD Proxy]&amp;#27;[39m Determined that the downstream protocol for proxy is MJSONWP
[debug] &amp;#27;[35m[XCUITest]&amp;#27;[39m WebDriverAgent information:
[debug] &amp;#27;[35m[XCUITest]&amp;#27;[39m {
[debug] &amp;#27;[35m[XCUITest]&amp;#27;[39m   &quot;state&quot;: &quot;success&quot;,
[debug] &amp;#27;[35m[XCUITest]&amp;#27;[39m   &quot;os&quot;: {
[debug] &amp;#27;[35m[XCUITest]&amp;#27;[39m     &quot;name&quot;: &quot;iOS&quot;,
[debug] &amp;#27;[35m[XCUITest]&amp;#27;[39m     &quot;version&quot;: &quot;11.2&quot;,
[debug] &amp;#27;[35m[XCUITest]&amp;#27;[39m     &quot;sdkVersion&quot;: &quot;12.2&quot;
[debug] &amp;#27;[35m[XCUITest]&amp;#27;[39m   },
[debug] &amp;#27;[35m[XCUITest]&amp;#27;[39m   &quot;ios&quot;: {
[debug] &amp;#27;[35m[XCUITest]&amp;#27;[39m     &quot;simulatorVersion&quot;: &quot;11.2&quot;,
[debug] &amp;#27;[35m[XCUITest]&amp;#27;[39m     &quot;ip&quot;: &quot;192.168.8.100&quot;
[debug] &amp;#27;[35m[XCUITest]&amp;#27;[39m   },
[debug] &amp;#27;[35m[XCUITest]&amp;#27;[39m   &quot;build&quot;: {
[debug] &amp;#27;[35m[XCUITest]&amp;#27;[39m     &quot;upgradedAt&quot;: &quot;1569808014175&quot;,
[debug] &amp;#27;[35m[XCUITest]&amp;#27;[39m     &quot;time&quot;: &quot;Sep 30 2019 09:48:29&quot;,
[debug] &amp;#27;[35m[XCUITest]&amp;#27;[39m     &quot;productBundleIdentifier&quot;: &quot;com.facebook.WebDriverAgentRunner&quot;
[debug] &amp;#27;[35m[XCUITest]&amp;#27;[39m   }
[debug] &amp;#27;[35m[XCUITest]&amp;#27;[39m }
[debug] &amp;#27;[35m[XCUITest]&amp;#27;[39m WebDriverAgent successfully started after 31928ms
[debug] &amp;#27;[35m[BaseDriver]&amp;#27;[39m Event &apos;wdaSessionAttempted&apos; logged at 1569814113068 (11:28:33 GMT+0800 (Hong Kong Standard Time))
[debug] &amp;#27;[35m[XCUITest]&amp;#27;[39m Sending createSession command to WDA
[debug] &amp;#27;[35m[WD Proxy]&amp;#27;[39m Matched &apos;/session&apos; to command name &apos;createSession&apos;
[debug] &amp;#27;[35m[WD Proxy]&amp;#27;[39m Proxying [POST /session] to [POST http://localhost:8101/session] with body: {&quot;desiredCapabilities&quot;:{&quot;bundleId&quot;:&quot;com.redhat.demo&quot;,&quot;arguments&quot;:[],&quot;environment&quot;:{},&quot;eventloopIdleDelaySec&quot;:0,&quot;shouldWaitForQuiescence&quot;:true,&quot;shouldUseTestManagerForVisibilityDetection&quot;:false,&quot;maxTypingFrequency&quot;:60,&quot;shouldUseSingletonTestManager&quot;:true}}
&amp;#27;[35m[Xcode]&amp;#27;[39m     t =     0.99s Open com.redhat.demo
&amp;#27;[35m[Xcode]&amp;#27;[39m 
&amp;#27;[35m[Xcode]&amp;#27;[39m     t =     1.00s     Launch com.redhat.demo
&amp;#27;[35m[Xcode]&amp;#27;[39m 
&amp;#27;[35m[Xcode]&amp;#27;[39m     t =     1.04s         Wait for accessibility to load
&amp;#27;[35m[Xcode]&amp;#27;[39m 
&amp;#27;[35m[Xcode]&amp;#27;[39m     t =     1.14s         Wait for com.redhat.demo to idle
&amp;#27;[35m[Xcode]&amp;#27;[39m 
&amp;#27;[35m[Xcode]&amp;#27;[39m     t =     3.02s Find the Application &apos;com.redhat.demo&apos;
&amp;#27;[35m[Xcode]&amp;#27;[39m 
&amp;#27;[35m[Xcode]&amp;#27;[39m     t =     3.02s     Snapshot accessibility hierarchy for app with pid 26370
&amp;#27;[35m[Xcode]&amp;#27;[39m 
[debug] &amp;#27;[35m[WD Proxy]&amp;#27;[39m Got response with status 200: {&quot;value&quot;:{&quot;sessionId&quot;:&quot;52B0AF29-7E5E-4159-A925-2BA68B3B7BCA&quot;,&quot;capabilities&quot;:{&quot;device&quot;:&quot;iphone&quot;,&quot;browserName&quot;:&quot;Good-Beers&quot;,&quot;sdkVersion&quot;:&quot;11.2&quot;,&quot;CFBundleIdentifier&quot;:&quot;com.redhat.demo&quot;}},&quot;sessionId&quot;:&quot;52B0AF29-7E5E-4159-A925-2BA68B3B7BCA&quot;,&quot;status&quot;:0}
[debug] &amp;#27;[35m[WD Proxy]&amp;#27;[39m Determined that the downstream protocol for proxy is MJSONWP
[debug] &amp;#27;[35m[BaseDriver]&amp;#27;[39m Event &apos;wdaSessionStarted&apos; logged at 1569814115609 (11:28:35 GMT+0800 (Hong Kong Standard Time))
[debug] &amp;#27;[35m[BaseDriver]&amp;#27;[39m Event &apos;wdaStarted&apos; logged at 1569814115609 (11:28:35 GMT+0800 (Hong Kong Standard Time))
[debug] &amp;#27;[35m[XCUITest]&amp;#27;[39m Not clearing log files. Use `clearSystemFiles` capability to turn on.
[debug] &amp;#27;[35m[iOSLog]&amp;#27;[39m Stopping iOS log capture
&amp;#27;[35m[XCUITest]&amp;#27;[39m Skipping setting of the initial display orientation. Set the &quot;orientation&quot; capability to either &quot;LANDSCAPE&quot; or &quot;PORTRAIT&quot;, if this is an undesired behavior.
[debug] &amp;#27;[35m[BaseDriver]&amp;#27;[39m Event &apos;orientationSet&apos; logged at 1569814115612 (11:28:35 GMT+0800 (Hong Kong Standard Time))
&amp;#27;[35m[Appium]&amp;#27;[39m New XCUITestDriver session created successfully, session 6e260e43-1d12-49b5-802a-d8e62c136eb2 added to master session list
[debug] &amp;#27;[35m[BaseDriver]&amp;#27;[39m Event &apos;newSessionStarted&apos; logged at 1569814115612 (11:28:35 GMT+0800 (Hong Kong Standard Time))
[debug] &amp;#27;[35m[W3C (6e260e43)]&amp;#27;[39m Cached the protocol value &apos;W3C&apos; for the new session 6e260e43-1d12-49b5-802a-d8e62c136eb2
[debug] &amp;#27;[35m[W3C (6e260e43)]&amp;#27;[39m Responding to client with driver.createSession() result: {&quot;capabilities&quot;:{&quot;webStorageEnabled&quot;:false,&quot;locationContextEnabled&quot;:false,&quot;browserName&quot;:&quot;&quot;,&quot;platform&quot;:&quot;MAC&quot;,&quot;javascriptEnabled&quot;:true,&quot;databaseEnabled&quot;:false,&quot;takesScreenshot&quot;:true,&quot;networkConnectionEnabled&quot;:false,&quot;platformName&quot;:&quot;ios&quot;,&quot;app&quot;:&quot;/tmp/Good-Beers.app&quot;,&quot;automationName&quot;:&quot;XCUITest&quot;,&quot;deviceName&quot;:&quot;iPhone 7&quot;,&quot;fullReset&quot;:true,&quot;platformVersion&quot;:&quot;11.2&quot;,&quot;udid&quot;:&quot;BBE85782-5D47-4742-BEF3-A37064481B2B&quot;,&quot;wdaLocalPort&quot;:8101}}
&amp;#27;[35m[HTTP]&amp;#27;[39m &amp;#27;[37m&lt;-- POST /wd/hub/session &amp;#27;[39m&amp;#27;[32m200&amp;#27;[39m &amp;#27;[90m63156 ms - 484&amp;#27;[39m
&amp;#27;[35m[HTTP]&amp;#27;[39m &amp;#27;[90m&amp;#27;[39m
&amp;#27;[35m[HTTP]&amp;#27;[39m &amp;#27;[37m--&gt;&amp;#27;[39m &amp;#27;[37mGET&amp;#27;[39m &amp;#27;[37m/wd/hub/session/6e260e43-1d12-49b5-802a-d8e62c136eb2&amp;#27;[39m
&amp;#27;[35m[HTTP]&amp;#27;[39m &amp;#27;[90m{}&amp;#27;[39m
[debug] &amp;#27;[35m[W3C (6e260e43)]&amp;#27;[39m Calling AppiumDriver.getSession() with args: [&quot;6e260e43-1d12-49b5-802a-d8e62c136eb2&quot;]
[debug] &amp;#27;[35m[XCUITest]&amp;#27;[39m Executing command &apos;getSession&apos;
[debug] &amp;#27;[35m[WD Proxy]&amp;#27;[39m Matched &apos;/&apos; to command name &apos;getSession&apos;
[debug] &amp;#27;[35m[WD Proxy]&amp;#27;[39m Proxying [GET /] to [GET http://localhost:8101/session/52B0AF29-7E5E-4159-A925-2BA68B3B7BCA] with no body
&amp;#27;[35m[Xcode]&amp;#27;[39m     t =     3.58s Find the Application &apos;com.redhat.demo&apos;
&amp;#27;[35m[Xcode]&amp;#27;[39m 
&amp;#27;[35m[Xcode]&amp;#27;[39m     t =     3.58s     Snapshot accessibility hierarchy for app with pid 26370
&amp;#27;[35m[Xcode]&amp;#27;[39m 
[debug] &amp;#27;[35m[WD Proxy]&amp;#27;[39m Got response with status 200: &quot;{\n  \&quot;value\&quot; : {\n    \&quot;sessionId\&quot; : \&quot;52B0AF29-7E5E-4159-A925-2BA68B3B7BCA\&quot;,\n    \&quot;capabilities\&quot; : {\n      \&quot;device\&quot; : \&quot;iphone\&quot;,\n      \&quot;browserName\&quot; : \&quot;Good-Beers\&quot;,\n      \&quot;sdkVersion\&quot; : \&quot;11.2\&quot;,\n      \&quot;CFBundleIdentifier\&quot; : \&quot;com.redhat.demo\&quot;\n    }\n  },\n  \&quot;sessionId\&quot; : \&quot;52B0AF29-7E5E-4159-A925-2BA68B3B7BCA\&quot;,\n  \&quot;status\&quot; : 0\n}&quot;
[debug] &amp;#27;[35m[WD Proxy]&amp;#27;[39m Proxying [GET /wda/screen] to [GET http://localhost:8101/session/52B0AF29-7E5E-4159-A925-2BA68B3B7BCA/wda/screen] with no body
&amp;#27;[35m[Xcode]&amp;#27;[39m     t =     3.64s Checking existence of `StatusBar`
&amp;#27;[35m[Xcode]&amp;#27;[39m     t =     3.64s     Snapshot accessibility hierarchy for app with pid 26370
&amp;#27;[35m[Xcode]&amp;#27;[39m 
&amp;#27;[35m[Xcode]&amp;#27;[39m     t =     3.66s     Find: Descendants matching type StatusBar
&amp;#27;[35m[Xcode]&amp;#27;[39m 
&amp;#27;[35m[Xcode]&amp;#27;[39m     t =     3.66s Get all elements bound by accessibility element for: Descendants matching type StatusBar
&amp;#27;[35m[Xcode]&amp;#27;[39m 
&amp;#27;[35m[Xcode]&amp;#27;[39m     t =     3.66s     Snapshot accessibility hierarchy for app with pid 26370
&amp;#27;[35m[Xcode]&amp;#27;[39m 
&amp;#27;[35m[Xcode]&amp;#27;[39m     t =     3.68s     Find: Descendants matching type StatusBar
&amp;#27;[35m[Xcode]&amp;#27;[39m 
&amp;#27;[35m[Xcode]&amp;#27;[39m     t =     3.70s Find the StatusBar
&amp;#27;[35m[Xcode]&amp;#27;[39m 
&amp;#27;[35m[Xcode]&amp;#27;[39m     t =     3.70s     Snapshot accessibility hierarchy for app with pid 26370
&amp;#27;[35m[Xcode]&amp;#27;[39m 
&amp;#27;[35m[Xcode]&amp;#27;[39m     t =     3.72s     Find: Descendants matching type StatusBar
&amp;#27;[35m[Xcode]&amp;#27;[39m 
&amp;#27;[35m[Xcode]&amp;#27;[39m     t =     3.72s     Find: Identity Binding
&amp;#27;[35m[Xcode]&amp;#27;[39m 
&amp;#27;[35m[Xcode]&amp;#27;[39m     t =     3.78s Find the StatusBar
&amp;#27;[35m[Xcode]&amp;#27;[39m 
&amp;#27;[35m[Xcode]&amp;#27;[39m     t =     3.78s     Snapshot accessibility hierarchy for app with pid 26370
&amp;#27;[35m[Xcode]&amp;#27;[39m 
&amp;#27;[35m[Xcode]&amp;#27;[39m     t =     3.80s     Find: Descendants matching type StatusBar
&amp;#27;[35m[Xcode]&amp;#27;[39m 
&amp;#27;[35m[Xcode]&amp;#27;[39m     t =     3.80s     Find: Identity Binding
&amp;#27;[35m[Xcode]&amp;#27;[39m 
[debug] &amp;#27;[35m[WD Proxy]&amp;#27;[39m Got response with status 200: &quot;{\n  \&quot;value\&quot; : {\n    \&quot;statusBarSize\&quot; : {\n      \&quot;width\&quot; : 375,\n      \&quot;height\&quot; : 20\n    },\n    \&quot;scale\&quot; : 2\n  },\n  \&quot;sessionId\&quot; : \&quot;52B0AF29-7E5E-4159-A925-2BA68B3B7BCA\&quot;,\n  \&quot;status\&quot; : 0\n}&quot;
[debug] &amp;#27;[35m[WD Proxy]&amp;#27;[39m Proxying [GET /window/size] to [GET http://localhost:8101/session/52B0AF29-7E5E-4159-A925-2BA68B3B7BCA/window/size] with no body
&amp;#27;[35m[Xcode]&amp;#27;[39m     t =     3.82s Snapshot accessibility hierarchy for app with pid 26370
&amp;#27;[35m[Xcode]&amp;#27;[39m 
[debug] &amp;#27;[35m[WD Proxy]&amp;#27;[39m Got response with status 200: &quot;{\n  \&quot;value\&quot; : {\n    \&quot;width\&quot; : 375,\n    \&quot;height\&quot; : 667\n  },\n  \&quot;sessionId\&quot; : \&quot;52B0AF29-7E5E-4159-A925-2BA68B3B7BCA\&quot;,\n  \&quot;status\&quot; : 0\n}&quot;
&amp;#27;[35m[XCUITest]&amp;#27;[39m Merging WDA caps over Appium caps for session detail response
[debug] &amp;#27;[35m[W3C (6e260e43)]&amp;#27;[39m Responding to client with driver.getSession() result: {&quot;udid&quot;:&quot;auto&quot;,&quot;platformName&quot;:&quot;ios&quot;,&quot;app&quot;:&quot;/tmp/Good-Beers.app&quot;,&quot;automationName&quot;:&quot;XCUITest&quot;,&quot;deviceName&quot;:&quot;iPhone 7&quot;,&quot;fullReset&quot;:true,&quot;platformVersion&quot;:&quot;11.2&quot;,&quot;wdaLocalPort&quot;:8101,&quot;device&quot;:&quot;iphone&quot;,&quot;browserName&quot;:&quot;Good-Beers&quot;,&quot;sdkVersion&quot;:&quot;11.2&quot;,&quot;CFBundleIdentifier&quot;:&quot;com.redhat.demo&quot;,&quot;pixelRatio&quot;:2,&quot;statBarHeight&quot;:20,&quot;viewportRect&quot;:{&quot;left&quot;:0,&quot;top&quot;:40,&quot;width&quot;:750,&quot;height&quot;:1294}}
&amp;#27;[35m[HTTP]&amp;#27;[39m &amp;#27;[37m&lt;-- GET /wd/hub/session/6e260e43-1d12-49b5-802a-d8e62c136eb2 &amp;#27;[39m&amp;#27;[32m200&amp;#27;[39m &amp;#27;[90m326 ms - 387&amp;#27;[39m
&amp;#27;[35m[HTTP]&amp;#27;[39m &amp;#27;[90m&amp;#27;[39m
&amp;#27;[35m[HTTP]&amp;#27;[39m &amp;#27;[37m--&gt;&amp;#27;[39m &amp;#27;[37mGET&amp;#27;[39m &amp;#27;[37m/wd/hub/session/6e260e43-1d12-49b5-802a-d8e62c136eb2&amp;#27;[39m
&amp;#27;[35m[HTTP]&amp;#27;[39m &amp;#27;[90m{}&amp;#27;[39m
[debug] &amp;#27;[35m[W3C (6e260e43)]&amp;#27;[39m Calling AppiumDriver.getSession() with args: [&quot;6e260e43-1d12-49b5-802a-d8e62c136eb2&quot;]
[debug] &amp;#27;[35m[XCUITest]&amp;#27;[39m Executing command &apos;getSession&apos;
&amp;#27;[35m[XCUITest]&amp;#27;[39m Merging WDA caps over Appium caps for session detail response
[...]
[debug] &amp;#27;[35m[W3C (c0d0c133)]&amp;#27;[39m     at next (/usr/local/lib/node_modules/appium/node_modules/express/lib/router/index.js:275:10)
[debug] &amp;#27;[35m[W3C (c0d0c133)]&amp;#27;[39m     at /usr/local/lib/node_modules/appium/node_modules/body-parser/lib/read.js:130:5
[debug] &amp;#27;[35m[W3C (c0d0c133)]&amp;#27;[39m     at invokeCallback (/usr/local/lib/node_modules/appium/node_modules/raw-body/index.js:224:16)
[debug] &amp;#27;[35m[W3C (c0d0c133)]&amp;#27;[39m     at done (/usr/local/lib/node_modules/appium/node_modules/raw-body/index.js:213:7)
[debug] &amp;#27;[35m[W3C (c0d0c133)]&amp;#27;[39m     at IncomingMessage.onEnd (/usr/local/lib/node_modules/appium/node_modules/raw-body/index.js:273:7)
[debug] &amp;#27;[35m[W3C (c0d0c133)]&amp;#27;[39m     at IncomingMessage.emit (events.js:203:15)
&amp;#27;[35m[HTTP]&amp;#27;[39m &amp;#27;[37m&lt;-- POST /wd/hub/session/c0d0c133-5ec7-468b-9e3c-4eaccba73489/element &amp;#27;[39m&amp;#27;[33m404&amp;#27;[39m &amp;#27;[90m17 ms - 2422&amp;#27;[39m
&amp;#27;[35m[HTTP]&amp;#27;[39m &amp;#27;[90m&amp;#27;[39m
&amp;#27;[35m[Xcode]&amp;#27;[39m     t =     3.95s Find the Application &apos;com.redhat.demo&apos;
&amp;#27;[35m[Xcode]&amp;#27;[39m 
&amp;#27;[35m[Xcode]&amp;#27;[39m     t =     3.95s     Snapshot accessibility hierarchy for app with pid 26370
&amp;#27;[35m[Xcode]&amp;#27;[39m 
&amp;#27;[35m[Xcode]&amp;#27;[39m     t =     3.97s Checking existence of `&quot;beer outline Beer&quot; Any`
&amp;#27;[35m[Xcode]&amp;#27;[39m 
&amp;#27;[35m[Xcode]&amp;#27;[39m     t =     3.98s     Snapshot accessibility hierarchy for app with pid 26370
&amp;#27;[35m[Xcode]&amp;#27;[39m 
&amp;#27;[35m[Xcode]&amp;#27;[39m     t =     4.00s     Find: Descendants matching type Any
&amp;#27;[35m[Xcode]&amp;#27;[39m 
&amp;#27;[35m[Xcode]&amp;#27;[39m     t =     4.00s     Find: Elements matching predicate &apos;&quot;beer outline Beer&quot; IN identifiers&apos;
&amp;#27;[35m[Xcode]&amp;#27;[39m 
&amp;#27;[35m[Xcode]&amp;#27;[39m     t =     4.00s Get all elements bound by accessibility element for: Elements matching predicate &apos;&quot;beer outline Beer&quot; IN identifiers&apos;
&amp;#27;[35m[Xcode]&amp;#27;[39m 
&amp;#27;[35m[Xcode]&amp;#27;[39m     t =     4.00s     Snapshot accessibility hierarchy for app with pid 26370
&amp;#27;[35m[Xcode]&amp;#27;[39m 
&amp;#27;[35m[Xcode]&amp;#27;[39m     t =     4.02s     Find: Descendants matching type Any
&amp;#27;[35m[Xcode]&amp;#27;[39m 
&amp;#27;[35m[Xcode]&amp;#27;[39m     t =     4.02s     Find: Elements matching predicate &apos;&quot;beer outline Beer&quot; IN identifiers&apos;
&amp;#27;[35m[Xcode]&amp;#27;[39m 
&amp;#27;[35m[Xcode]&amp;#27;[39m     t =     4.02s Checking existence of `&quot;beer outline Beer&quot; Button`
&amp;#27;[35m[Xcode]&amp;#27;[39m 
&amp;#27;[35m[Xcode]&amp;#27;[39m     t =     4.02s     Snapshot accessibility hierarchy for app with pid 26370
&amp;#27;[35m[Xcode]&amp;#27;[39m 
&amp;#27;[35m[Xcode]&amp;#27;[39m     t =     4.04s     Find: Descendants matching type Any
&amp;#27;[35m[Xcode]&amp;#27;[39m 
&amp;#27;[35m[Xcode]&amp;#27;[39m     t =     4.04s     Find: Elements matching predicate &apos;&quot;beer outline Beer&quot; IN identifiers&apos;
&amp;#27;[35m[Xcode]&amp;#27;[39m 
&amp;#27;[35m[Xcode]&amp;#27;[39m     t =     4.05s     Find: Identity Binding
&amp;#27;[35m[Xcode]&amp;#27;[39m 
&amp;#27;[35m[Xcode]&amp;#27;[39m     t =     4.05s Snapshot accessibility hierarchy for app with pid 26370
&amp;#27;[35m[Xcode]&amp;#27;[39m 
&amp;#27;[35m[Xcode]&amp;#27;[39m     t =     4.05s Find: Descendants matching type Any
&amp;#27;[35m[Xcode]&amp;#27;[39m 
&amp;#27;[35m[Xcode]&amp;#27;[39m     t =     4.05s Find: Elements matching predicate &apos;&quot;beer outline Beer&quot; IN identifiers&apos;
&amp;#27;[35m[Xcode]&amp;#27;[39m 
&amp;#27;[35m[Xcode]&amp;#27;[39m     t =     4.05s Find: Identity Binding
&amp;#27;[35m[Xcode]&amp;#27;[39m 
[debug] &amp;#27;[35m[WD Proxy]&amp;#27;[39m Got response with status 200: {&quot;value&quot;:{&quot;ELEMENT&quot;:&quot;09000000-0000-0000-0467-000000000000&quot;},&quot;sessionId&quot;:&quot;52B0AF29-7E5E-4159-A925-2BA68B3B7BCA&quot;,&quot;status&quot;:0}
[debug] &amp;#27;[35m[W3C (6e260e43)]&amp;#27;[39m Responding to client with driver.findElement() result: {&quot;element-6066-11e4-a52e-4f735466cecf&quot;:&quot;09000000-0000-0000-0467-000000000000&quot;,&quot;ELEMENT&quot;:&quot;09000000-0000-0000-0467-000000000000&quot;}
&amp;#27;[35m[HTTP]&amp;#27;[39m &amp;#27;[37m&lt;-- POST /wd/hub/session/6e260e43-1d12-49b5-802a-d8e62c136eb2/element &amp;#27;[39m&amp;#27;[32m200&amp;#27;[39m &amp;#27;[90m149 ms - 137&amp;#27;[39m
&amp;#27;[35m[HTTP]&amp;#27;[39m &amp;#27;[90m&amp;#27;[39m
&amp;#27;[35m[HTTP]&amp;#27;[39m &amp;#27;[37m--&gt;&amp;#27;[39m &amp;#27;[37mPOST&amp;#27;[39m &amp;#27;[37m/wd/hub/session/6e260e43-1d12-49b5-802a-d8e62c136eb2/element/09000000-0000-0000-0467-000000000000/click&amp;#27;[39m
&amp;#27;[35m[HTTP]&amp;#27;[39m &amp;#27;[90m{&quot;id&quot;:&quot;09000000-0000-0000-0467-000000000000&quot;}&amp;#27;[39m
&amp;#27;[35m[W3C (6e260e43)]&amp;#27;[39m Driver proxy active, passing request on via HTTP proxy
[debug] &amp;#27;[35m[XCUITest]&amp;#27;[39m Executing command &apos;proxyReqRes&apos;
[debug] &amp;#27;[35m[WD Proxy]&amp;#27;[39m Matched &apos;/wd/hub/session/6e260e43-1d12-49b5-802a-d8e62c136eb2/element/09000000-0000-0000-0467-000000000000/click&apos; to command name &apos;click&apos;
[debug] &amp;#27;[35m[WD Proxy]&amp;#27;[39m Proxying [POST /wd/hub/session/6e260e43-1d12-49b5-802a-d8e62c136eb2/element/09000000-0000-0000-0467-000000000000/click] to [POST http://localhost:8101/session/52B0AF29-7E5E-4159-A925-2BA68B3B7BCA/element/09000000-0000-0000-0467-000000000000/click] with body: {&quot;id&quot;:&quot;09000000-0000-0000-0467-000000000000&quot;}
&amp;#27;[35m[Xcode]&amp;#27;[39m     t =     4.07s Find the &quot;beer outline Beer&quot; Button
&amp;#27;[35m[Xcode]&amp;#27;[39m 
&amp;#27;[35m[Xcode]&amp;#27;[39m     t =     4.07s     Snapshot accessibility hierarchy for app with pid 26370
&amp;#27;[35m[Xcode]&amp;#27;[39m 
&amp;#27;[35m[Xcode]&amp;#27;[39m     t =     4.10s     Find: Descendants matching type Any
&amp;#27;[35m[Xcode]&amp;#27;[39m 
&amp;#27;[35m[Xcode]&amp;#27;[39m     t =     4.10s     Find: Elements matching predicate &apos;&quot;beer outline Beer&quot; IN identifiers&apos;
&amp;#27;[35m[Xcode]&amp;#27;[39m 
&amp;#27;[35m[Xcode]&amp;#27;[39m     t =     4.10s     Find: Identity Binding
&amp;#27;[35m[Xcode]&amp;#27;[39m 
&amp;#27;[35m[Xcode]&amp;#27;[39m     t =     4.10s Find the &quot;beer outline Beer&quot; Button
&amp;#27;[35m[Xcode]&amp;#27;[39m 
&amp;#27;[35m[Xcode]&amp;#27;[39m     t =     4.10s     Snapshot accessibility hierarchy for app with pid 26370
&amp;#27;[35m[Xcode]&amp;#27;[39m 
&amp;#27;[35m[Xcode]&amp;#27;[39m     t =     4.13s     Find: Descendants matching type Any
&amp;#27;[35m[Xcode]&amp;#27;[39m 
&amp;#27;[35m[Xcode]&amp;#27;[39m     t =     4.13s     Find: Elements matching predicate &apos;&quot;beer outline Beer&quot; IN identifiers&apos;
&amp;#27;[35m[Xcode]&amp;#27;[39m 
&amp;#27;[35m[Xcode]&amp;#27;[39m     t =     4.13s     Find: Identity Binding
&amp;#27;[35m[Xcode]&amp;#27;[39m 
&amp;#27;[35m[Xcode]&amp;#27;[39m     t =     4.24s Find the &quot;beer outline Beer&quot; Button
&amp;#27;[35m[Xcode]&amp;#27;[39m 
&amp;#27;[35m[Xcode]&amp;#27;[39m     t =     4.24s     Snapshot accessibility hierarchy for app with pid 26370
&amp;#27;[35m[Xcode]&amp;#27;[39m 
&amp;#27;[35m[Xcode]&amp;#27;[39m     t =     4.26s     Find: Descendants matching type Any
&amp;#27;[35m[Xcode]&amp;#27;[39m 
&amp;#27;[35m[Xcode]&amp;#27;[39m     t =     4.26s     Find: Elements matching predicate &apos;&quot;beer outline Beer&quot; IN identifiers&apos;
&amp;#27;[35m[Xcode]&amp;#27;[39m 
&amp;#27;[35m[Xcode]&amp;#27;[39m     t =     4.27s     Find: Identity Binding
&amp;#27;[35m[Xcode]&amp;#27;[39m 
&amp;#27;[35m[Xcode]&amp;#27;[39m     t =     4.27s Find the &quot;beer outline Beer&quot; Button
&amp;#27;[35m[Xcode]&amp;#27;[39m 
&amp;#27;[35m[Xcode]&amp;#27;[39m     t =     4.27s     Snapshot accessibility hierarchy for app with pid 26370
&amp;#27;[35m[Xcode]&amp;#27;[39m 
&amp;#27;[35m[Xcode]&amp;#27;[39m     t =     4.29s     Find: Descendants matching type Any
&amp;#27;[35m[Xcode]&amp;#27;[39m 
&amp;#27;[35m[Xcode]&amp;#27;[39m     t =     4.29s     Find: Elements matching predicate &apos;&quot;beer outline Beer&quot; IN identifiers&apos;
&amp;#27;[35m[Xcode]&amp;#27;[39m 
&amp;#27;[35m[Xcode]&amp;#27;[39m     t =     4.29s     Find: Identity Binding
&amp;#27;[35m[Xcode]&amp;#27;[39m 
&amp;#27;[35m[Xcode]&amp;#27;[39m     t =     4.30s Snapshot accessibility hierarchy for app with pid 26370
&amp;#27;[35m[Xcode]&amp;#27;[39m 
&amp;#27;[35m[Xcode]&amp;#27;[39m     t =     4.33s Find: Descendants matching type Any
&amp;#27;[35m[Xcode]&amp;#27;[39m 
&amp;#27;[35m[Xcode]&amp;#27;[39m     t =     4.33s Find: Elements matching predicate &apos;&quot;beer outline Beer&quot; IN identifiers&apos;
&amp;#27;[35m[Xcode]&amp;#27;[39m 
&amp;#27;[35m[Xcode]&amp;#27;[39m     t =     4.33s Find: Identity Binding
&amp;#27;[35m[Xcode]&amp;#27;[39m 
[debug] &amp;#27;[35m[WD Proxy]&amp;#27;[39m Got response with status 200: {&quot;status&quot;:0,&quot;id&quot;:&quot;09000000-0000-0000-0467-000000000000&quot;,&quot;value&quot;:&quot;&quot;,&quot;sessionId&quot;:&quot;52B0AF29-7E5E-4159-A925-2BA68B3B7BCA&quot;}
&amp;#27;[35m[WD Proxy]&amp;#27;[39m Replacing sessionId 52B0AF29-7E5E-4159-A925-2BA68B3B7BCA with 6e260e43-1d12-49b5-802a-d8e62c136eb2
&amp;#27;[35m[HTTP]&amp;#27;[39m &amp;#27;[37m&lt;-- POST /wd/hub/session/6e260e43-1d12-49b5-802a-d8e62c136eb2/element/09000000-0000-0000-0467-000000000000/click &amp;#27;[39m&amp;#27;[32m200&amp;#27;[39m &amp;#27;[90m492 ms - 118&amp;#27;[39m
&amp;#27;[35m[HTTP]&amp;#27;[39m &amp;#27;[90m&amp;#27;[39m
#############
Terminate driver on device iPhone 8
#############
&amp;#27;[35m[HTTP]&amp;#27;[39m &amp;#27;[37m--&gt;&amp;#27;[39m &amp;#27;[37mDELETE&amp;#27;[39m &amp;#27;[37m/wd/hub/session/c0d0c133-5ec7-468b-9e3c-4eaccba73489&amp;#27;[39m
&amp;#27;[35m[HTTP]&amp;#27;[39m &amp;#27;[90m{}&amp;#27;[39m
[debug] &amp;#27;[35m[W3C (c0d0c133)]&amp;#27;[39m Encountered internal error running command: NoSuchDriverError: A session is either terminated or not started
[debug] &amp;#27;[35m[W3C (c0d0c133)]&amp;#27;[39m     at asyncHandler (/usr/local/lib/node_modules/appium/node_modules/appium-base-driver/lib/protocol/protocol.js:298:15)
[debug] &amp;#27;[35m[W3C (c0d0c133)]&amp;#27;[39m     at asyncHandler (/usr/local/lib/node_modules/appium/node_modules/appium-base-driver/lib/protocol/protocol.js:489:15)
[debug] &amp;#27;[35m[W3C (c0d0c133)]&amp;#27;[39m     at Layer.handle [as handle_request] (/usr/local/lib/node_modules/appium/node_modules/express/lib/router/layer.js:95:5)
[debug] &amp;#27;[35m[W3C (c0d0c133)]&amp;#27;[39m     at next (/usr/local/lib/node_modules/appium/node_modules/express/lib/router/route.js:137:13)
[debug] &amp;#27;[35m[W3C (c0d0c133)]&amp;#27;[39m     at Route.dispatch (/usr/local/lib/node_modules/appium/node_modules/express/lib/router/route.js:112:3)
[debug] &amp;#27;[35m[W3C (c0d0c133)]&amp;#27;[39m     at Layer.handle [as handle_request] (/usr/local/lib/node_modules/appium/node_modules/express/lib/router/layer.js:95:5)
[debug] &amp;#27;[35m[W3C (c0d0c133)]&amp;#27;[39m     at /usr/local/lib/node_modules/appium/node_modules/express/lib/router/index.js:281:22
[debug] &amp;#27;[35m[W3C (c0d0c133)]&amp;#27;[39m     at param (/usr/local/lib/node_modules/appium/node_modules/express/lib/router/index.js:354:14)
[debug] &amp;#27;[35m[W3C (c0d0c133)]&amp;#27;[39m     at param (/usr/local/lib/node_modules/appium/node_modules/express/lib/router/index.js:365:14)
[debug] &amp;#27;[35m[W3C (c0d0c133)]&amp;#27;[39m     at Function.process_params (/usr/local/lib/node_modules/appium/node_modules/express/lib/router/index.js:410:3)
[debug] &amp;#27;[35m[W3C (c0d0c133)]&amp;#27;[39m     at next (/usr/local/lib/node_modules/appium/node_modules/express/lib/router/index.js:275:10)
[debug] &amp;#27;[35m[W3C (c0d0c133)]&amp;#27;[39m     at logger (/usr/local/lib/node_modules/appium/node_modules/morgan/index.js:144:5)
[debug] &amp;#27;[35m[W3C (c0d0c133)]&amp;#27;[39m     at Layer.handle [as handle_request] (/usr/local/lib/node_modules/appium/node_modules/express/lib/router/layer.js:95:5)
[debug] &amp;#27;[35m[W3C (c0d0c133)]&amp;#27;[39m     at trim_prefix (/usr/local/lib/node_modules/appium/node_modules/express/lib/router/index.js:317:13)
[debug] &amp;#27;[35m[W3C (c0d0c133)]&amp;#27;[39m     at /usr/local/lib/node_modules/appium/node_modules/express/lib/router/index.js:284:7
[debug] &amp;#27;[35m[W3C (c0d0c133)]&amp;#27;[39m     at Function.process_params (/usr/local/lib/node_modules/appium/node_modules/express/lib/router/index.js:335:12)
[debug] &amp;#27;[35m[W3C (c0d0c133)]&amp;#27;[39m     at next (/usr/local/lib/node_modules/appium/node_modules/express/lib/router/index.js:275:10)
[debug] &amp;#27;[35m[W3C (c0d0c133)]&amp;#27;[39m     at /usr/local/lib/node_modules/appium/node_modules/body-parser/lib/read.js:130:5
[debug] &amp;#27;[35m[W3C (c0d0c133)]&amp;#27;[39m     at invokeCallback (/usr/local/lib/node_modules/appium/node_modules/raw-body/index.js:224:16)
[debug] &amp;#27;[35m[W3C (c0d0c133)]&amp;#27;[39m     at done (/usr/local/lib/node_modules/appium/node_modules/raw-body/index.js:213:7)
[debug] &amp;#27;[35m[W3C (c0d0c133)]&amp;#27;[39m     at IncomingMessage.onEnd (/usr/local/lib/node_modules/appium/node_modules/raw-body/index.js:273:7)
[debug] &amp;#27;[35m[W3C (c0d0c133)]&amp;#27;[39m     at IncomingMessage.emit (events.js:203:15)
&amp;#27;[35m[HTTP]&amp;#27;[39m &amp;#27;[37m&lt;-- DELETE /wd/hub/session/c0d0c133-5ec7-468b-9e3c-4eaccba73489 &amp;#27;[39m&amp;#27;[33m404&amp;#27;[39m &amp;#27;[90m3 ms - 2422&amp;#27;[39m
&amp;#27;[35m[HTTP]&amp;#27;[39m &amp;#27;[90m&amp;#27;[39m
</system-out>
    <system-err>Sep 30, 2019 11:27:31 AM io.appium.java_client.remote.AppiumCommandExecutor$1 lambda$0
INFO: Detected dialect: W3C
Sep 30, 2019 11:28:35 AM io.appium.java_client.remote.AppiumCommandExecutor$1 lambda$0
INFO: Detected dialect: W3C
</system-err>
  </testcase>
  <testcase classname="com.redhat.appiumtest.AppiumTest" name="executeBeerTest" time="107.676">
    <error message="A session is either terminated or not started
Build info: version: &apos;3.12.0&apos;, revision: &apos;7c6e0b3&apos;, time: &apos;2018-05-08T14:04:26.12Z&apos;
System info: host: &apos;Joints-MacBook-Pro.local&apos;, ip: &apos;fe80:0:0:0:10dc:5edd:51f1:1e85%en0&apos;, os.name: &apos;Mac OS X&apos;, os.arch: &apos;x86_64&apos;, os.version: &apos;10.14.6&apos;, java.version: &apos;1.8.0_221&apos;
Driver info: io.appium.java_client.ios.IOSDriver
Capabilities {app: /tmp/Good-Beers.app, automationName: XCUITest, browserName: , databaseEnabled: false, deviceName: iPhone 8, fullReset: true, javascriptEnabled: true, locationContextEnabled: false, networkConnectionEnabled: false, platform: MAC, platformName: iOS, platformVersion: 11.2, takesScreenshot: true, udid: 7199E007-29F9-4B1F-A088-890..., wdaLocalPort: 8100, webStorageEnabled: false}
Session ID: c0d0c133-5ec7-468b-9e3c-4eaccba73489" type="org.openqa.selenium.NoSuchSessionException">org.openqa.selenium.NoSuchSessionException: A session is either terminated or not started
Build info: version: &apos;3.12.0&apos;, revision: &apos;7c6e0b3&apos;, time: &apos;2018-05-08T14:04:26.12Z&apos;
System info: host: &apos;Joints-MacBook-Pro.local&apos;, ip: &apos;fe80:0:0:0:10dc:5edd:51f1:1e85%en0&apos;, os.name: &apos;Mac OS X&apos;, os.arch: &apos;x86_64&apos;, os.version: &apos;10.14.6&apos;, java.version: &apos;1.8.0_221&apos;
Driver info: io.appium.java_client.ios.IOSDriver
Capabilities {app: /tmp/Good-Beers.app, automationName: XCUITest, browserName: , databaseEnabled: false, deviceName: iPhone 8, fullReset: true, javascriptEnabled: true, locationContextEnabled: false, networkConnectionEnabled: false, platform: MAC, platformName: iOS, platformVersion: 11.2, takesScreenshot: true, udid: 7199E007-29F9-4B1F-A088-890..., wdaLocalPort: 8100, webStorageEnabled: false}
Session ID: c0d0c133-5ec7-468b-9e3c-4eaccba73489
	at sun.reflect.NativeConstructorAccessorImpl.newInstance0(Native Method)
	at sun.reflect.NativeConstructorAccessorImpl.newInstance(NativeConstructorAccessorImpl.java:62)
	at sun.reflect.DelegatingConstructorAccessorImpl.newInstance(DelegatingConstructorAccessorImpl.java:45)
	at java.lang.reflect.Constructor.newInstance(Constructor.java:423)
	at org.openqa.selenium.remote.http.W3CHttpResponseCodec.createException(W3CHttpResponseCodec.java:187)
	at org.openqa.selenium.remote.http.W3CHttpResponseCodec.decode(W3CHttpResponseCodec.java:122)
	at org.openqa.selenium.remote.http.W3CHttpResponseCodec.decode(W3CHttpResponseCodec.java:49)
	at org.openqa.selenium.remote.HttpCommandExecutor.execute(HttpCommandExecutor.java:158)
	at io.appium.java_client.remote.AppiumCommandExecutor.execute(AppiumCommandExecutor.java:231)
	at org.openqa.selenium.remote.RemoteWebDriver.execute(RemoteWebDriver.java:543)
	at io.appium.java_client.DefaultGenericMobileDriver.execute(DefaultGenericMobileDriver.java:46)
	at io.appium.java_client.AppiumDriver.execute(AppiumDriver.java:1)
	at io.appium.java_client.ios.IOSDriver.execute(IOSDriver.java:1)
	at org.openqa.selenium.remote.RemoteWebDriver.quit(RemoteWebDriver.java:443)
	at com.redhat.appiumtest.AppiumTest.shutdown(AppiumTest.java:74)
	at sun.reflect.NativeMethodAccessorImpl.invoke0(Native Method)
	at sun.reflect.NativeMethodAccessorImpl.invoke(NativeMethodAccessorImpl.java:62)
	at sun.reflect.DelegatingMethodAccessorImpl.invoke(DelegatingMethodAccessorImpl.java:43)
	at java.lang.reflect.Method.invoke(Method.java:498)
	at org.junit.runners.model.FrameworkMethod$1.runReflectiveCall(FrameworkMethod.java:50)
	at org.junit.internal.runners.model.ReflectiveCallable.run(ReflectiveCallable.java:12)
	at org.junit.runners.model.FrameworkMethod.invokeExplosively(FrameworkMethod.java:47)
	at org.junit.internal.runners.statements.RunAfters.evaluate(RunAfters.java:33)
	at org.junit.runners.ParentRunner.runLeaf(ParentRunner.java:325)
	at org.junit.runners.BlockJUnit4ClassRunner.runChild(BlockJUnit4ClassRunner.java:78)
	at org.junit.runners.BlockJUnit4ClassRunner.runChild(BlockJUnit4ClassRunner.java:57)
	at org.junit.runners.ParentRunner$3.run(ParentRunner.java:290)
	at org.junit.runners.ParentRunner$1.schedule(ParentRunner.java:71)
	at org.junit.runners.ParentRunner.runChildren(ParentRunner.java:288)
	at org.junit.runners.ParentRunner.access$000(ParentRunner.java:58)
	at org.junit.runners.ParentRunner$2.evaluate(ParentRunner.java:268)
	at org.junit.runners.ParentRunner.run(ParentRunner.java:363)
	at org.apache.maven.surefire.junit4.JUnit4Provider.execute(JUnit4Provider.java:252)
	at org.apache.maven.surefire.junit4.JUnit4Provider.executeTestSet(JUnit4Provider.java:141)
	at org.apache.maven.surefire.junit4.JUnit4Provider.invoke(JUnit4Provider.java:112)
	at sun.reflect.NativeMethodAccessorImpl.invoke0(Native Method)
	at sun.reflect.NativeMethodAccessorImpl.invoke(NativeMethodAccessorImpl.java:62)
	at sun.reflect.DelegatingMethodAccessorImpl.invoke(DelegatingMethodAccessorImpl.java:43)
	at java.lang.reflect.Method.invoke(Method.java:498)
	at org.apache.maven.surefire.util.ReflectionUtils.invokeMethodWithArray(ReflectionUtils.java:189)
	at org.apache.maven.surefire.booter.ProviderFactory$ProviderProxy.invoke(ProviderFactory.java:165)
	at org.apache.maven.surefire.booter.ProviderFactory.invokeProvider(ProviderFactory.java:85)
	at org.apache.maven.surefire.booter.ForkedBooter.runSuitesInProcess(ForkedBooter.java:115)
	at org.apache.maven.surefire.booter.ForkedBooter.main(ForkedBooter.java:75)
</error>
  </testcase>
  <testcase classname="com.redhat.appiumtest.AppiumTest" name="executeNavigationTest" time="82.602"/>
</testsuite>